[589399955] Using port 4461
Server waiting for client
Connected player with UUID Red-Perpentine
Assigned index 0
Server waiting for client
Connected player with UUID Blue-Perpentine
Assigned index 1
Server waiting for client
Connected player with UUID Green-Perpentine
Assigned index 2
Server waiting for client
Connected player with UUID Purple
Assigned index 3
[589404700] Processing the map...
[589404790] Initializing controllers...
[589404793] Initializing the game...
[0] Red-Perpentine (Comm open) - sending GET_READY...
[0] Red-Perpentine (Comm open) - Ready!
[1] Blue-Perpentine (Comm open) - sending GET_READY...
[1] Blue-Perpentine (Comm open) - Ready!
[2] Green-Perpentine (Comm open) - sending GET_READY...
[2] Green-Perpentine (Comm open) - Ready!
[3] Purple (Comm open) - sending GET_READY...
[3] Purple (Comm open) - Ready!
[589405586] Turn number: 0
[589405586] ----------------------------------------------------
[589406260] Turn number: 1
[589406260] ----------------------------------------------------
[589407470] Turn number: 2
[589407470] ----------------------------------------------------
[589408083] Blue-Perpentine Acquired Territory, now at  (26, 2)
[589408373] Turn number: 3
[589408373] ----------------------------------------------------
[589409305] Turn number: 4
[589409305] ----------------------------------------------------
[589410236] Turn number: 5
[589410236] ----------------------------------------------------
[589410837] Blue-Perpentine Acquired Territory, now at  (27, 2)
[589411173] Turn number: 6
[589411173] ----------------------------------------------------
[589412104] Turn number: 7
[589412104] ----------------------------------------------------
[589413020] Turn number: 8
[589413020] ----------------------------------------------------
[589413912] Turn number: 9
[589413912] ----------------------------------------------------
[589414800] Turn number: 10
[589414800] ----------------------------------------------------
[589415682] Turn number: 11
[589415683] ----------------------------------------------------
[589416550] Turn number: 12
[589416550] ----------------------------------------------------
[589417401] Turn number: 13
[589417401] ----------------------------------------------------
[589418214] Turn number: 14
[589418214] ----------------------------------------------------
[589418904] Turn number: 15
[589418904] ----------------------------------------------------
[589419579] Turn number: 16
[589419580] ----------------------------------------------------
[589420242] Turn number: 17
[589420242] ----------------------------------------------------
[589420918] Turn number: 18
[589420919] ----------------------------------------------------
[589421565] Turn number: 19
[589421565] ----------------------------------------------------
[589422223] Turn number: 20
[589422223] ----------------------------------------------------
[589422896] Turn number: 21
[589422896] ----------------------------------------------------
[589423548] Turn number: 22
[589423548] ----------------------------------------------------
[589424195] Turn number: 23
[589424196] ----------------------------------------------------
[589424798] Red-Perpentine Acquired Territory, now at  (4, 4)
[589424798] Green-Perpentine Acquired Territory, now at  (25, 25)
[589424836] Turn number: 24
[589424836] ----------------------------------------------------
[589425498] Turn number: 25
[589425498] ----------------------------------------------------
[589426099] Purple Acquired Territory, now at  (4, 25)
[589426170] Turn number: 26
[589426170] ----------------------------------------------------
[589426827] Turn number: 27
[589426827] ----------------------------------------------------
[589427874] Turn number: 28
[589427874] ----------------------------------------------------
[589428741] Turn number: 29
[589428741] ----------------------------------------------------
[589429603] Turn number: 30
[589429603] ----------------------------------------------------
[589430438] Turn number: 31
[589430438] ----------------------------------------------------
