#
# There is insufficient memory for the Java Runtime Environment to continue.
# Native memory allocation (malloc) failed to allocate 1098576 bytes for Chunk::new
# Possible reasons:
#   The system is out of physical RAM or swap space
#   The process is running with CompressedOops enabled, and the Java Heap may be blocking the growth of the native heap
# Possible solutions:
#   Reduce memory load on the system
#   Increase physical memory or swap space
#   Check if swap backing store is full
#   Decrease Java heap size (-Xmx/-Xms)
#   Decrease number of Java threads
#   Decrease Java thread stack sizes (-Xss)
#   Set larger code cache with -XX:ReservedCodeCacheSize=
#   JVM is running with Zero Based Compressed Oops mode in which the Java heap is
#     placed in the first 32GB address space. The Java Heap base address is the
#     maximum limit for the native heap growth. Please use -XX:HeapBaseMinAddress
#     to set the Java Heap base and to place the Java Heap above 32GB virtual address.
# This output file may be truncated or incomplete.
#
#  Out of Memory Error (c:/workspace/9-2-build-windows-amd64-cygwin-phase2/jdk9/6725/hotspot/src/share/vm/memory/allocation.cpp:372), pid=8660, tid=10692
#
# JRE version: Java(TM) SE Runtime Environment (9.0+181) (build 9+181)
# Java VM: Java HotSpot(TM) 64-Bit Server VM (9+181, mixed mode, tiered, compressed oops, g1 gc, windows-amd64)
# No core dump will be written. Minidumps are not enabled by default on client versions of Windows
#

---------------  S U M M A R Y ------------

Command Line: C:\Users\justi\Documents\Orbis2018\PyCharm\Serpentine.jar

Host: Intel(R) Core(TM) i7-3770K CPU @ 3.50GHz, 8 cores, 15G,  Windows 10 , 64 bit Build 17134 (10.0.17134.1)
Time: Sun Sep 30 02:47:57 2018 Eastern Daylight Time elapsed time: 926 seconds (0d 0h 15m 26s)

---------------  T H R E A D  ---------------

Current thread (0x000001c5fcd63800):  JavaThread "C2 CompilerThread2" daemon [_thread_in_native, id=10692, stack(0x00000053c5100000,0x00000053c5200000)]


Current CompileTask:
C2: 926955 3961   !   4       sun.awt.PostEventQueue::flush (168 bytes)

Stack: [0x00000053c5100000,0x00000053c5200000]
Native frames: (J=compiled Java code, j=interpreted, Vv=VM code, C=native code)
V  [jvm.dll+0x587108]
V  [jvm.dll+0x69c14e]
V  [jvm.dll+0x69d06a]
V  [jvm.dll+0x69d6a3]
V  [jvm.dll+0x21d3f8]
V  [jvm.dll+0xa7bac]
V  [jvm.dll+0xa84ec]
V  [jvm.dll+0x3212ac]
V  [jvm.dll+0x17b73c]
V  [jvm.dll+0x1e9d1d]
V  [jvm.dll+0x1e8eb6]
V  [jvm.dll+0x16916b]
V  [jvm.dll+0x1f6680]
V  [jvm.dll+0x1f5306]
V  [jvm.dll+0x66b1af]
V  [jvm.dll+0x586530]
C  [msvcr120.dll+0x24f7f]
C  [msvcr120.dll+0x25126]
C  [KERNEL32.DLL+0x13034]
C  [ntdll.dll+0x71461]


---------------  P R O C E S S  ---------------

Java Threads: ( => current thread )
  0x000001c5ff6dc800 JavaThread "Thread-55" [_thread_in_native, id=15516, stack(0x00000053c6400000,0x00000053c6500000)]
  0x000001c5ff6dc000 JavaThread "Thread-54" [_thread_in_native, id=4552, stack(0x00000053c6100000,0x00000053c6200000)]
  0x000001c5ff6db000 JavaThread "Thread-51" [_thread_in_native, id=14584, stack(0x00000053c5f00000,0x00000053c6000000)]
  0x000001c5ff6da800 JavaThread "Thread-50" [_thread_in_native, id=12416, stack(0x00000053c5b00000,0x00000053c5c00000)]
  0x000001c5ff6d9800 JavaThread "Thread-47" [_thread_in_native, id=16964, stack(0x00000053c5a00000,0x00000053c5b00000)]
  0x000001c5ff6d7800 JavaThread "Thread-46" [_thread_in_native, id=20040, stack(0x00000053c3400000,0x00000053c3500000)]
  0x000001c5ff6d9000 JavaThread "Thread-43" [_thread_in_native, id=9756, stack(0x00000053c3300000,0x00000053c3400000)]
  0x000001c5ff6d6800 JavaThread "Thread-42" [_thread_in_native, id=5440, stack(0x00000053c3200000,0x00000053c3300000)]
  0x000001c5ff295800 JavaThread "TimerQueue" daemon [_thread_blocked, id=17356, stack(0x00000053c6300000,0x00000053c6400000)]
  0x000001c5fec78800 JavaThread "D3D Screen Updater" daemon [_thread_blocked, id=20336, stack(0x00000053c6200000,0x00000053c6300000)]
  0x000001c5d79b5800 JavaThread "DestroyJavaVM" [_thread_blocked, id=15708, stack(0x00000053c3500000,0x00000053c3600000)]
  0x000001c5fcfcf800 JavaThread "Swing-Shell" daemon [_thread_blocked, id=7856, stack(0x00000053c6000000,0x00000053c6100000)]
  0x000001c5fe957000 JavaThread "AWT-EventQueue-0" [_thread_blocked, id=1376, stack(0x00000053c5c00000,0x00000053c5d00000)]
  0x000001c5fdb52000 JavaThread "AWT-Windows" daemon [_thread_in_native, id=17924, stack(0x00000053c5900000,0x00000053c5a00000)]
  0x000001c5fdb2d800 JavaThread "AWT-Shutdown" [_thread_blocked, id=11652, stack(0x00000053c5800000,0x00000053c5900000)]
  0x000001c5fdb2d000 JavaThread "Java2D Disposer" daemon [_thread_blocked, id=12616, stack(0x00000053c5700000,0x00000053c5800000)]
  0x000001c5fcf2d000 JavaThread "Service Thread" daemon [_thread_blocked, id=11984, stack(0x00000053c5500000,0x00000053c5600000)]
  0x000001c5fce74000 JavaThread "Common-Cleaner" daemon [_thread_blocked, id=16396, stack(0x00000053c5400000,0x00000053c5500000)]
  0x000001c5fcd79800 JavaThread "Sweeper thread" daemon [_thread_blocked, id=16144, stack(0x00000053c5300000,0x00000053c5400000)]
  0x000001c5fcd70800 JavaThread "C1 CompilerThread3" daemon [_thread_blocked, id=8784, stack(0x00000053c5200000,0x00000053c5300000)]
=>0x000001c5fcd63800 JavaThread "C2 CompilerThread2" daemon [_thread_in_native, id=10692, stack(0x00000053c5100000,0x00000053c5200000)]
  0x000001c5fcd5d800 JavaThread "C2 CompilerThread1" daemon [_thread_blocked, id=19740, stack(0x00000053c5000000,0x00000053c5100000)]
  0x000001c5fcd5c800 JavaThread "C2 CompilerThread0" daemon [_thread_blocked, id=18336, stack(0x00000053c4f00000,0x00000053c5000000)]
  0x000001c5fcd58000 JavaThread "Attach Listener" daemon [_thread_blocked, id=3084, stack(0x00000053c4e00000,0x00000053c4f00000)]
  0x000001c5fcd57000 JavaThread "Signal Dispatcher" daemon [_thread_blocked, id=10156, stack(0x00000053c4d00000,0x00000053c4e00000)]
  0x000001c5fc513800 JavaThread "Finalizer" daemon [_thread_blocked, id=3668, stack(0x00000053c4c00000,0x00000053c4d00000)]
  0x000001c5fc511800 JavaThread "Reference Handler" daemon [_thread_blocked, id=1668, stack(0x00000053c4b00000,0x00000053c4c00000)]

Other Threads:
  0x000001c5fc50e000 VMThread "VM Thread" [stack: 0x00000053c4a00000,0x00000053c4b00000] [id=5320]
  0x000001c5fcf2f800 WatcherThread [stack: 0x00000053c5600000,0x00000053c5700000] [id=1792]
  0x000001c5d79cc800 GCTaskThread "GC Thread#0" [stack: 0x00000053c3600000,0x00000053c3700000] [id=12484]
  0x000001c5d79ce000 GCTaskThread "GC Thread#1" [stack: 0x00000053c3700000,0x00000053c3800000] [id=13728]
  0x000001c5d79d1800 GCTaskThread "GC Thread#2" [stack: 0x00000053c3800000,0x00000053c3900000] [id=6856]
  0x000001c5d79e2000 GCTaskThread "GC Thread#3" [stack: 0x00000053c3900000,0x00000053c3a00000] [id=9404]
  0x000001c5d79e0800 GCTaskThread "GC Thread#4" [stack: 0x00000053c3a00000,0x00000053c3b00000] [id=18528]
  0x000001c5d79e1000 GCTaskThread "GC Thread#5" [stack: 0x00000053c3b00000,0x00000053c3c00000] [id=10588]
  0x000001c5d79e3000 GCTaskThread "GC Thread#6" [stack: 0x00000053c3c00000,0x00000053c3d00000] [id=6428]
  0x000001c5d79de800 GCTaskThread "GC Thread#7" [stack: 0x00000053c3d00000,0x00000053c3e00000] [id=17496]
  0x000001c5d7a63000 ConcurrentGCThread "G1 Main Marker" [stack: 0x00000053c4700000,0x00000053c4800000] [id=12552]
  0x000001c5d79de000 ConcurrentGCThread "G1 Marker#0" [stack: 0x00000053c4800000,0x00000053c4900000] [id=1320]
  0x000001c5d79df800 ConcurrentGCThread "G1 Marker#1" [stack: 0x00000053c4900000,0x00000053c4a00000] [id=6200]
  0x000001c5d79fc800 ConcurrentGCThread "G1 Refine#0" [stack: 0x00000053c4500000,0x00000053c4600000] [id=16776]
  0x000001c5d7a01000 ConcurrentGCThread "G1 Refine#1" [stack: 0x00000053c4400000,0x00000053c4500000] [id=19144]
  0x000001c5d79fc000 ConcurrentGCThread "G1 Refine#2" [stack: 0x00000053c4300000,0x00000053c4400000] [id=8640]
  0x000001c5d79fb800 ConcurrentGCThread "G1 Refine#3" [stack: 0x00000053c4200000,0x00000053c4300000] [id=9636]
  0x000001c5d79fe000 ConcurrentGCThread "G1 Refine#4" [stack: 0x00000053c4100000,0x00000053c4200000] [id=16504]
  0x000001c5d79f3800 ConcurrentGCThread "G1 Refine#5" [stack: 0x00000053c4000000,0x00000053c4100000] [id=12168]
  0x000001c5d79ee800 ConcurrentGCThread "G1 Refine#6" [stack: 0x00000053c3f00000,0x00000053c4000000] [id=2584]
  0x000001c5d79ec800 ConcurrentGCThread "G1 Refine#7" [stack: 0x00000053c3e00000,0x00000053c3f00000] [id=6116]
  0x000001c5d7a10000 ConcurrentGCThread "G1 Young RemSet Sampling" [stack: 0x00000053c4600000,0x00000053c4700000] [id=6172]

Threads with active compile tasks:
C2 CompilerThread23961   !   4       sun.awt.PostEventQueue::flush (168 bytes)

VM state:not at safepoint (normal execution)

VM Mutex/Monitor currently owned by a thread: None

Heap address: 0x00000006c0800000, size: 4088 MB, Compressed Oops mode: Zero based, Oop shift amount: 3
Narrow klass base: 0x0000000000000000, Narrow klass shift: 3
Compressed class space size: 1073741824 Address: 0x00000007c0000000

Heap:
 garbage-first heap   total 315392K, used 96037K [0x00000006c0800000, 0x00000006c09009a0, 0x00000007c0000000)
  region size 1024K, 72 young (73728K), 14 survivors (14336K)
 Metaspace       used 19635K, capacity 20792K, committed 20992K, reserved 1067008K
  class space    used 2314K, capacity 2544K, committed 2560K, reserved 1048576K
Heap Regions: E=young(eden), S=young(survivor), O=old, HS=humongous(starts), HC=humongous(continues), CS=collection set, F=free, A=archive, TS=gc time stamp, AC=allocation context, TAMS=top-at-mark-start (previous, next)
|   0|0x00000006c0800000, 0x00000006c0900000, 0x00000006c0900000|100%| O|  |TS  1|AC  0|TAMS 0x00000006c0800000, 0x00000006c0800000|
|   1|0x00000006c0900000, 0x00000006c0a00000, 0x00000006c0a00000|100%| O|  |TS 11|AC  0|TAMS 0x00000006c0900000, 0x00000006c0900000|
|   2|0x00000006c0a00000, 0x00000006c0b00000, 0x00000006c0b00000|100%| O|  |TS 11|AC  0|TAMS 0x00000006c0a00000, 0x00000006c0a00000|
|   3|0x00000006c0b00000, 0x00000006c0c00000, 0x00000006c0c00000|100%| O|  |TS 11|AC  0|TAMS 0x00000006c0b00000, 0x00000006c0b00000|
|   4|0x00000006c0c00000, 0x00000006c0d00000, 0x00000006c0d00000|100%| O|  |TS 13|AC  0|TAMS 0x00000006c0c00000, 0x00000006c0c00000|
|   5|0x00000006c0d00000, 0x00000006c0e00000, 0x00000006c0e00000|100%| O|  |TS 15|AC  0|TAMS 0x00000006c0d00000, 0x00000006c0d00000|
|   6|0x00000006c0e00000, 0x00000006c0f00000, 0x00000006c0f00000|100%| O|  |TS 15|AC  0|TAMS 0x00000006c0e00000, 0x00000006c0e00000|
|   7|0x00000006c0f00000, 0x00000006c1000000, 0x00000006c1000000|100%| O|  |TS 17|AC  0|TAMS 0x00000006c0f00000, 0x00000006c0f00000|
|   8|0x00000006c1000000, 0x00000006c1100000, 0x00000006c1100000|100%| O|  |TS 17|AC  0|TAMS 0x00000006c1000000, 0x00000006c1000000|
|   9|0x00000006c1100000, 0x00000006c1200000, 0x00000006c1200000|100%| O|  |TS 17|AC  0|TAMS 0x00000006c1100000, 0x00000006c1100000|
|  10|0x00000006c1200000, 0x00000006c1300000, 0x00000006c1300000|100%| O|  |TS 17|AC  0|TAMS 0x00000006c1200000, 0x00000006c1200000|
|  11|0x00000006c1300000, 0x00000006c1400000, 0x00000006c1400000|100%| O|  |TS 17|AC  0|TAMS 0x00000006c1300000, 0x00000006c1300000|
|  12|0x00000006c1400000, 0x00000006c1500000, 0x00000006c1500000|100%| O|  |TS 21|AC  0|TAMS 0x00000006c1400000, 0x00000006c1400000|
|  13|0x00000006c1500000, 0x00000006c1600000, 0x00000006c1600000|100%| O|  |TS 21|AC  0|TAMS 0x00000006c1500000, 0x00000006c1500000|
|  14|0x00000006c1600000, 0x00000006c1700000, 0x00000006c1700000|100%| O|  |TS 21|AC  0|TAMS 0x00000006c1600000, 0x00000006c1600000|
|  15|0x00000006c1700000, 0x00000006c1800000, 0x00000006c1800000|100%| O|  |TS 25|AC  0|TAMS 0x00000006c1700000, 0x00000006c1700000|
|  16|0x00000006c1800000, 0x00000006c1900000, 0x00000006c1900000|100%| O|  |TS 27|AC  0|TAMS 0x00000006c1800000, 0x00000006c1800000|
|  17|0x00000006c1900000, 0x00000006c1a00000, 0x00000006c1a00000|100%| O|  |TS 27|AC  0|TAMS 0x00000006c1900000, 0x00000006c1900000|
|  18|0x00000006c1a00000, 0x00000006c1b00000, 0x00000006c1b00000|100%| O|  |TS 27|AC  0|TAMS 0x00000006c1a00000, 0x00000006c1a00000|
|  19|0x00000006c1b00000, 0x00000006c1c00000, 0x00000006c1c00000|100%| O|  |TS 31|AC  0|TAMS 0x00000006c1b00000, 0x00000006c1b00000|
|  20|0x00000006c1c00000, 0x00000006c1d00000, 0x00000006c1d00000|100%| O|  |TS 31|AC  0|TAMS 0x00000006c1c00000, 0x00000006c1c00000|
|  21|0x00000006c1d00000, 0x00000006c1e00000, 0x00000006c1e00000|100%| O|  |TS 33|AC  0|TAMS 0x00000006c1d00000, 0x00000006c1d00000|
|  22|0x00000006c1e00000, 0x00000006c1f00000, 0x00000006c1f00000|100%| O|  |TS 33|AC  0|TAMS 0x00000006c1e00000, 0x00000006c1e00000|
|  23|0x00000006c1f00000, 0x00000006c1f45c00, 0x00000006c2000000| 27%| O|  |TS 37|AC  0|TAMS 0x00000006c1f00000, 0x00000006c1f00000|
|  24|0x00000006c2000000, 0x00000006c2000000, 0x00000006c2100000|  0%| F|  |TS  0|AC  0|TAMS 0x00000006c2000000, 0x00000006c2000000|
|  25|0x00000006c2100000, 0x00000006c2100000, 0x00000006c2200000|  0%| F|  |TS  0|AC  0|TAMS 0x00000006c2100000, 0x00000006c2100000|
|  26|0x00000006c2200000, 0x00000006c2200000, 0x00000006c2300000|  0%| F|  |TS  0|AC  0|TAMS 0x00000006c2200000, 0x00000006c2200000|
|  27|0x00000006c2300000, 0x00000006c2300000, 0x00000006c2400000|  0%| F|  |TS  0|AC  0|TAMS 0x00000006c2300000, 0x00000006c2300000|
|  28|0x00000006c2400000, 0x00000006c2400000, 0x00000006c2500000|  0%| F|  |TS  0|AC  0|TAMS 0x00000006c2400000, 0x00000006c2400000|
|  29|0x00000006c2500000, 0x00000006c2500000, 0x00000006c2600000|  0%| F|  |TS  0|AC  0|TAMS 0x00000006c2500000, 0x00000006c2500000|
|  30|0x00000006c2600000, 0x00000006c2600000, 0x00000006c2700000|  0%| F|  |TS  0|AC  0|TAMS 0x00000006c2600000, 0x00000006c2600000|
|  31|0x00000006c2700000, 0x00000006c2700000, 0x00000006c2800000|  0%| F|  |TS  0|AC  0|TAMS 0x00000006c2700000, 0x00000006c2700000|
|  32|0x00000006c2800000, 0x00000006c2800000, 0x00000006c2900000|  0%| F|  |TS  0|AC  0|TAMS 0x00000006c2800000, 0x00000006c2800000|
|  33|0x00000006c2900000, 0x00000006c2900000, 0x00000006c2a00000|  0%| F|  |TS  0|AC  0|TAMS 0x00000006c2900000, 0x00000006c2900000|
|  34|0x00000006c2a00000, 0x00000006c2a00000, 0x00000006c2b00000|  0%| F|  |TS  0|AC  0|TAMS 0x00000006c2a00000, 0x00000006c2a00000|
|  35|0x00000006c2b00000, 0x00000006c2b00000, 0x00000006c2c00000|  0%| F|  |TS  0|AC  0|TAMS 0x00000006c2b00000, 0x00000006c2b00000|
|  36|0x00000006c2c00000, 0x00000006c2c00000, 0x00000006c2d00000|  0%| F|  |TS  0|AC  0|TAMS 0x00000006c2c00000, 0x00000006c2c00000|
|  37|0x00000006c2d00000, 0x00000006c2d00000, 0x00000006c2e00000|  0%| F|  |TS  0|AC  0|TAMS 0x00000006c2d00000, 0x00000006c2d00000|
|  38|0x00000006c2e00000, 0x00000006c2e00000, 0x00000006c2f00000|  0%| F|  |TS  0|AC  0|TAMS 0x00000006c2e00000, 0x00000006c2e00000|
|  39|0x00000006c2f00000, 0x00000006c2f00000, 0x00000006c3000000|  0%| F|  |TS  0|AC  0|TAMS 0x00000006c2f00000, 0x00000006c2f00000|
|  40|0x00000006c3000000, 0x00000006c3000000, 0x00000006c3100000|  0%| F|  |TS  0|AC  0|TAMS 0x00000006c3000000, 0x00000006c3000000|
|  41|0x00000006c3100000, 0x00000006c3100000, 0x00000006c3200000|  0%| F|  |TS  0|AC  0|TAMS 0x00000006c3100000, 0x00000006c3100000|
|  42|0x00000006c3200000, 0x00000006c3200000, 0x00000006c3300000|  0%| F|  |TS  0|AC  0|TAMS 0x00000006c3200000, 0x00000006c3200000|
|  43|0x00000006c3300000, 0x00000006c3300000, 0x00000006c3400000|  0%| F|  |TS  0|AC  0|TAMS 0x00000006c3300000, 0x00000006c3300000|
|  44|0x00000006c3400000, 0x00000006c3400000, 0x00000006c3500000|  0%| F|  |TS  0|AC  0|TAMS 0x00000006c3400000, 0x00000006c3400000|
|  45|0x00000006c3500000, 0x00000006c3500000, 0x00000006c3600000|  0%| F|  |TS  0|AC  0|TAMS 0x00000006c3500000, 0x00000006c3500000|
|  46|0x00000006c3600000, 0x00000006c3600000, 0x00000006c3700000|  0%| F|  |TS  0|AC  0|TAMS 0x00000006c3600000, 0x00000006c3600000|
|  47|0x00000006c3700000, 0x00000006c3700000, 0x00000006c3800000|  0%| F|  |TS  0|AC  0|TAMS 0x00000006c3700000, 0x00000006c3700000|
|  48|0x00000006c3800000, 0x00000006c3800000, 0x00000006c3900000|  0%| F|  |TS  0|AC  0|TAMS 0x00000006c3800000, 0x00000006c3800000|
|  49|0x00000006c3900000, 0x00000006c3900000, 0x00000006c3a00000|  0%| F|  |TS  0|AC  0|TAMS 0x00000006c3900000, 0x00000006c3900000|
|  50|0x00000006c3a00000, 0x00000006c3a00000, 0x00000006c3b00000|  0%| F|  |TS  0|AC  0|TAMS 0x00000006c3a00000, 0x00000006c3a00000|
|  51|0x00000006c3b00000, 0x00000006c3b00000, 0x00000006c3c00000|  0%| F|  |TS  0|AC  0|TAMS 0x00000006c3b00000, 0x00000006c3b00000|
|  52|0x00000006c3c00000, 0x00000006c3c00000, 0x00000006c3d00000|  0%| F|  |TS  0|AC  0|TAMS 0x00000006c3c00000, 0x00000006c3c00000|
|  53|0x00000006c3d00000, 0x00000006c3d00000, 0x00000006c3e00000|  0%| F|  |TS  0|AC  0|TAMS 0x00000006c3d00000, 0x00000006c3d00000|
|  54|0x00000006c3e00000, 0x00000006c3e00000, 0x00000006c3f00000|  0%| F|  |TS  0|AC  0|TAMS 0x00000006c3e00000, 0x00000006c3e00000|
|  55|0x00000006c3f00000, 0x00000006c3f00000, 0x00000006c4000000|  0%| F|  |TS  0|AC  0|TAMS 0x00000006c3f00000, 0x00000006c3f00000|
|  56|0x00000006c4000000, 0x00000006c4000000, 0x00000006c4100000|  0%| F|  |TS  0|AC  0|TAMS 0x00000006c4000000, 0x00000006c4000000|
|  57|0x00000006c4100000, 0x00000006c4100000, 0x00000006c4200000|  0%| F|  |TS  0|AC  0|TAMS 0x00000006c4100000, 0x00000006c4100000|
|  58|0x00000006c4200000, 0x00000006c4200000, 0x00000006c4300000|  0%| F|  |TS  0|AC  0|TAMS 0x00000006c4200000, 0x00000006c4200000|
|  59|0x00000006c4300000, 0x00000006c4300000, 0x00000006c4400000|  0%| F|  |TS  0|AC  0|TAMS 0x00000006c4300000, 0x00000006c4300000|
|  60|0x00000006c4400000, 0x00000006c4400000, 0x00000006c4500000|  0%| F|  |TS  0|AC  0|TAMS 0x00000006c4400000, 0x00000006c4400000|
|  61|0x00000006c4500000, 0x00000006c4500000, 0x00000006c4600000|  0%| F|  |TS  0|AC  0|TAMS 0x00000006c4500000, 0x00000006c4500000|
|  62|0x00000006c4600000, 0x00000006c4600000, 0x00000006c4700000|  0%| F|  |TS  0|AC  0|TAMS 0x00000006c4600000, 0x00000006c4600000|
|  63|0x00000006c4700000, 0x00000006c4700000, 0x00000006c4800000|  0%| F|  |TS  0|AC  0|TAMS 0x00000006c4700000, 0x00000006c4700000|
|  64|0x00000006c4800000, 0x00000006c4800000, 0x00000006c4900000|  0%| F|  |TS  0|AC  0|TAMS 0x00000006c4800000, 0x00000006c4800000|
|  65|0x00000006c4900000, 0x00000006c4900000, 0x00000006c4a00000|  0%| F|  |TS  0|AC  0|TAMS 0x00000006c4900000, 0x00000006c4900000|
|  66|0x00000006c4a00000, 0x00000006c4a00000, 0x00000006c4b00000|  0%| F|  |TS  0|AC  0|TAMS 0x00000006c4a00000, 0x00000006c4a00000|
|  67|0x00000006c4b00000, 0x00000006c4b00000, 0x00000006c4c00000|  0%| F|  |TS  0|AC  0|TAMS 0x00000006c4b00000, 0x00000006c4b00000|
|  68|0x00000006c4c00000, 0x00000006c4c00000, 0x00000006c4d00000|  0%| F|  |TS  0|AC  0|TAMS 0x00000006c4c00000, 0x00000006c4c00000|
|  69|0x00000006c4d00000, 0x00000006c4d00000, 0x00000006c4e00000|  0%| F|  |TS  0|AC  0|TAMS 0x00000006c4d00000, 0x00000006c4d00000|
|  70|0x00000006c4e00000, 0x00000006c4e00000, 0x00000006c4f00000|  0%| F|  |TS  0|AC  0|TAMS 0x00000006c4e00000, 0x00000006c4e00000|
|  71|0x00000006c4f00000, 0x00000006c4f00000, 0x00000006c5000000|  0%| F|  |TS  0|AC  0|TAMS 0x00000006c4f00000, 0x00000006c4f00000|
|  72|0x00000006c5000000, 0x00000006c5000000, 0x00000006c5100000|  0%| F|  |TS  0|AC  0|TAMS 0x00000006c5000000, 0x00000006c5000000|
|  73|0x00000006c5100000, 0x00000006c5100000, 0x00000006c5200000|  0%| F|  |TS  0|AC  0|TAMS 0x00000006c5100000, 0x00000006c5100000|
|  74|0x00000006c5200000, 0x00000006c5200000, 0x00000006c5300000|  0%| F|  |TS  0|AC  0|TAMS 0x00000006c5200000, 0x00000006c5200000|
|  75|0x00000006c5300000, 0x00000006c5300000, 0x00000006c5400000|  0%| F|  |TS  0|AC  0|TAMS 0x00000006c5300000, 0x00000006c5300000|
|  76|0x00000006c5400000, 0x00000006c5400000, 0x00000006c5500000|  0%| F|  |TS  0|AC  0|TAMS 0x00000006c5400000, 0x00000006c5400000|
|  77|0x00000006c5500000, 0x00000006c5500000, 0x00000006c5600000|  0%| F|  |TS  0|AC  0|TAMS 0x00000006c5500000, 0x00000006c5500000|
|  78|0x00000006c5600000, 0x00000006c5600000, 0x00000006c5700000|  0%| F|  |TS  0|AC  0|TAMS 0x00000006c5600000, 0x00000006c5600000|
|  79|0x00000006c5700000, 0x00000006c5700000, 0x00000006c5800000|  0%| F|  |TS  0|AC  0|TAMS 0x00000006c5700000, 0x00000006c5700000|
|  80|0x00000006c5800000, 0x00000006c5800000, 0x00000006c5900000|  0%| F|  |TS  0|AC  0|TAMS 0x00000006c5800000, 0x00000006c5800000|
|  81|0x00000006c5900000, 0x00000006c5900000, 0x00000006c5a00000|  0%| F|  |TS  0|AC  0|TAMS 0x00000006c5900000, 0x00000006c5900000|
|  82|0x00000006c5a00000, 0x00000006c5a00000, 0x00000006c5b00000|  0%| F|  |TS  0|AC  0|TAMS 0x00000006c5a00000, 0x00000006c5a00000|
|  83|0x00000006c5b00000, 0x00000006c5b00000, 0x00000006c5c00000|  0%| F|  |TS  0|AC  0|TAMS 0x00000006c5b00000, 0x00000006c5b00000|
|  84|0x00000006c5c00000, 0x00000006c5c00000, 0x00000006c5d00000|  0%| F|  |TS  0|AC  0|TAMS 0x00000006c5c00000, 0x00000006c5c00000|
|  85|0x00000006c5d00000, 0x00000006c5d00000, 0x00000006c5e00000|  0%| F|  |TS  0|AC  0|TAMS 0x00000006c5d00000, 0x00000006c5d00000|
|  86|0x00000006c5e00000, 0x00000006c5e00000, 0x00000006c5f00000|  0%| F|  |TS  0|AC  0|TAMS 0x00000006c5e00000, 0x00000006c5e00000|
|  87|0x00000006c5f00000, 0x00000006c5f00000, 0x00000006c6000000|  0%| F|  |TS  0|AC  0|TAMS 0x00000006c5f00000, 0x00000006c5f00000|
|  88|0x00000006c6000000, 0x00000006c6000000, 0x00000006c6100000|  0%| F|  |TS  0|AC  0|TAMS 0x00000006c6000000, 0x00000006c6000000|
|  89|0x00000006c6100000, 0x00000006c6100000, 0x00000006c6200000|  0%| F|  |TS  0|AC  0|TAMS 0x00000006c6100000, 0x00000006c6100000|
|  90|0x00000006c6200000, 0x00000006c6200000, 0x00000006c6300000|  0%| F|  |TS 37|AC  0|TAMS 0x00000006c6200000, 0x00000006c6200000|
|  91|0x00000006c6300000, 0x00000006c6300000, 0x00000006c6400000|  0%| F|  |TS 37|AC  0|TAMS 0x00000006c6300000, 0x00000006c6300000|
|  92|0x00000006c6400000, 0x00000006c6400000, 0x00000006c6500000|  0%| F|  |TS 35|AC  0|TAMS 0x00000006c6400000, 0x00000006c6400000|
|  93|0x00000006c6500000, 0x00000006c6500000, 0x00000006c6600000|  0%| F|  |TS 37|AC  0|TAMS 0x00000006c6500000, 0x00000006c6500000|
|  94|0x00000006c6600000, 0x00000006c6600000, 0x00000006c6700000|  0%| F|  |TS 37|AC  0|TAMS 0x00000006c6600000, 0x00000006c6600000|
|  95|0x00000006c6700000, 0x00000006c6700000, 0x00000006c6800000|  0%| F|  |TS 35|AC  0|TAMS 0x00000006c6700000, 0x00000006c6700000|
|  96|0x00000006c6800000, 0x00000006c6800000, 0x00000006c6900000|  0%| F|  |TS 37|AC  0|TAMS 0x00000006c6800000, 0x00000006c6800000|
|  97|0x00000006c6900000, 0x00000006c6900000, 0x00000006c6a00000|  0%| F|  |TS 37|AC  0|TAMS 0x00000006c6900000, 0x00000006c6900000|
|  98|0x00000006c6a00000, 0x00000006c6a00000, 0x00000006c6b00000|  0%| F|  |TS 37|AC  0|TAMS 0x00000006c6a00000, 0x00000006c6a00000|
|  99|0x00000006c6b00000, 0x00000006c6b00000, 0x00000006c6c00000|  0%| F|  |TS 37|AC  0|TAMS 0x00000006c6b00000, 0x00000006c6b00000|
| 100|0x00000006c6c00000, 0x00000006c6c00000, 0x00000006c6d00000|  0%| F|  |TS 37|AC  0|TAMS 0x00000006c6c00000, 0x00000006c6c00000|
| 101|0x00000006c6d00000, 0x00000006c6d00000, 0x00000006c6e00000|  0%| F|  |TS 37|AC  0|TAMS 0x00000006c6d00000, 0x00000006c6d00000|
| 102|0x00000006c6e00000, 0x00000006c6e00000, 0x00000006c6f00000|  0%| F|  |TS 37|AC  0|TAMS 0x00000006c6e00000, 0x00000006c6e00000|
| 103|0x00000006c6f00000, 0x00000006c6f00000, 0x00000006c7000000|  0%| F|  |TS 35|AC  0|TAMS 0x00000006c6f00000, 0x00000006c6f00000|
| 104|0x00000006c7000000, 0x00000006c7000000, 0x00000006c7100000|  0%| F|  |TS 35|AC  0|TAMS 0x00000006c7000000, 0x00000006c7000000|
| 105|0x00000006c7100000, 0x00000006c7100000, 0x00000006c7200000|  0%| F|  |TS 35|AC  0|TAMS 0x00000006c7100000, 0x00000006c7100000|
| 106|0x00000006c7200000, 0x00000006c7200000, 0x00000006c7300000|  0%| F|  |TS 35|AC  0|TAMS 0x00000006c7200000, 0x00000006c7200000|
| 107|0x00000006c7300000, 0x00000006c7300000, 0x00000006c7400000|  0%| F|  |TS 35|AC  0|TAMS 0x00000006c7300000, 0x00000006c7300000|
| 108|0x00000006c7400000, 0x00000006c7400000, 0x00000006c7500000|  0%| F|  |TS 35|AC  0|TAMS 0x00000006c7400000, 0x00000006c7400000|
| 109|0x00000006c7500000, 0x00000006c7500000, 0x00000006c7600000|  0%| F|  |TS 35|AC  0|TAMS 0x00000006c7500000, 0x00000006c7500000|
| 110|0x00000006c7600000, 0x00000006c7600000, 0x00000006c7700000|  0%| F|  |TS 37|AC  0|TAMS 0x00000006c7600000, 0x00000006c7600000|
| 111|0x00000006c7700000, 0x00000006c7700000, 0x00000006c7800000|  0%| F|  |TS 35|AC  0|TAMS 0x00000006c7700000, 0x00000006c7700000|
| 112|0x00000006c7800000, 0x00000006c7800000, 0x00000006c7900000|  0%| F|  |TS 35|AC  0|TAMS 0x00000006c7800000, 0x00000006c7800000|
| 113|0x00000006c7900000, 0x00000006c7900000, 0x00000006c7a00000|  0%| F|  |TS 37|AC  0|TAMS 0x00000006c7900000, 0x00000006c7900000|
| 114|0x00000006c7a00000, 0x00000006c7a00000, 0x00000006c7b00000|  0%| F|  |TS 35|AC  0|TAMS 0x00000006c7a00000, 0x00000006c7a00000|
| 115|0x00000006c7b00000, 0x00000006c7b00000, 0x00000006c7c00000|  0%| F|  |TS 35|AC  0|TAMS 0x00000006c7b00000, 0x00000006c7b00000|
| 116|0x00000006c7c00000, 0x00000006c7c00000, 0x00000006c7d00000|  0%| F|  |TS 35|AC  0|TAMS 0x00000006c7c00000, 0x00000006c7c00000|
| 117|0x00000006c7d00000, 0x00000006c7d00000, 0x00000006c7e00000|  0%| F|  |TS 35|AC  0|TAMS 0x00000006c7d00000, 0x00000006c7d00000|
| 118|0x00000006c7e00000, 0x00000006c7e00000, 0x00000006c7f00000|  0%| F|  |TS 35|AC  0|TAMS 0x00000006c7e00000, 0x00000006c7e00000|
| 119|0x00000006c7f00000, 0x00000006c7f00000, 0x00000006c8000000|  0%| F|  |TS 35|AC  0|TAMS 0x00000006c7f00000, 0x00000006c7f00000|
| 120|0x00000006c8000000, 0x00000006c8000000, 0x00000006c8100000|  0%| F|  |TS 35|AC  0|TAMS 0x00000006c8000000, 0x00000006c8000000|
| 121|0x00000006c8100000, 0x00000006c8100000, 0x00000006c8200000|  0%| F|  |TS 35|AC  0|TAMS 0x00000006c8100000, 0x00000006c8100000|
| 122|0x00000006c8200000, 0x00000006c8200000, 0x00000006c8300000|  0%| F|  |TS 35|AC  0|TAMS 0x00000006c8200000, 0x00000006c8200000|
| 123|0x00000006c8300000, 0x00000006c8383990, 0x00000006c8400000| 51%| S|CS|TS 37|AC  0|TAMS 0x00000006c8300000, 0x00000006c8300000|
| 124|0x00000006c8400000, 0x00000006c8500000, 0x00000006c8500000|100%| S|CS|TS 37|AC  0|TAMS 0x00000006c8400000, 0x00000006c8400000|
| 125|0x00000006c8500000, 0x00000006c8600000, 0x00000006c8600000|100%| S|CS|TS 37|AC  0|TAMS 0x00000006c8500000, 0x00000006c8500000|
| 126|0x00000006c8600000, 0x00000006c8700000, 0x00000006c8700000|100%| S|CS|TS 37|AC  0|TAMS 0x00000006c8600000, 0x00000006c8600000|
| 127|0x00000006c8700000, 0x00000006c8800000, 0x00000006c8800000|100%| S|CS|TS 37|AC  0|TAMS 0x00000006c8700000, 0x00000006c8700000|
| 128|0x00000006c8800000, 0x00000006c8900000, 0x00000006c8900000|100%| S|CS|TS 37|AC  0|TAMS 0x00000006c8800000, 0x00000006c8800000|
| 129|0x00000006c8900000, 0x00000006c8a00000, 0x00000006c8a00000|100%| S|CS|TS 37|AC  0|TAMS 0x00000006c8900000, 0x00000006c8900000|
| 130|0x00000006c8a00000, 0x00000006c8b00000, 0x00000006c8b00000|100%| S|CS|TS 37|AC  0|TAMS 0x00000006c8a00000, 0x00000006c8a00000|
| 131|0x00000006c8b00000, 0x00000006c8c00000, 0x00000006c8c00000|100%| S|CS|TS 37|AC  0|TAMS 0x00000006c8b00000, 0x00000006c8b00000|
| 132|0x00000006c8c00000, 0x00000006c8d00000, 0x00000006c8d00000|100%| S|CS|TS 37|AC  0|TAMS 0x00000006c8c00000, 0x00000006c8c00000|
| 133|0x00000006c8d00000, 0x00000006c8e00000, 0x00000006c8e00000|100%| S|CS|TS 37|AC  0|TAMS 0x00000006c8d00000, 0x00000006c8d00000|
| 134|0x00000006c8e00000, 0x00000006c8f00000, 0x00000006c8f00000|100%| S|CS|TS 37|AC  0|TAMS 0x00000006c8e00000, 0x00000006c8e00000|
| 135|0x00000006c8f00000, 0x00000006c9000000, 0x00000006c9000000|100%| S|CS|TS 37|AC  0|TAMS 0x00000006c8f00000, 0x00000006c8f00000|
| 136|0x00000006c9000000, 0x00000006c9100000, 0x00000006c9100000|100%| S|CS|TS 37|AC  0|TAMS 0x00000006c9000000, 0x00000006c9000000|
| 137|0x00000006c9100000, 0x00000006c9100000, 0x00000006c9200000|  0%| F|  |TS 37|AC  0|TAMS 0x00000006c9100000, 0x00000006c9100000|
| 138|0x00000006c9200000, 0x00000006c9200000, 0x00000006c9300000|  0%| F|  |TS 37|AC  0|TAMS 0x00000006c9200000, 0x00000006c9200000|
| 139|0x00000006c9300000, 0x00000006c9300000, 0x00000006c9400000|  0%| F|  |TS 37|AC  0|TAMS 0x00000006c9300000, 0x00000006c9300000|
| 140|0x00000006c9400000, 0x00000006c9400000, 0x00000006c9500000|  0%| F|  |TS 37|AC  0|TAMS 0x00000006c9400000, 0x00000006c9400000|
| 141|0x00000006c9500000, 0x00000006c9500000, 0x00000006c9600000|  0%| F|  |TS 37|AC  0|TAMS 0x00000006c9500000, 0x00000006c9500000|
| 142|0x00000006c9600000, 0x00000006c9600000, 0x00000006c9700000|  0%| F|  |TS 37|AC  0|TAMS 0x00000006c9600000, 0x00000006c9600000|
| 143|0x00000006c9700000, 0x00000006c9700000, 0x00000006c9800000|  0%| F|  |TS 37|AC  0|TAMS 0x00000006c9700000, 0x00000006c9700000|
| 144|0x00000006c9800000, 0x00000006c9800000, 0x00000006c9900000|  0%| F|  |TS 37|AC  0|TAMS 0x00000006c9800000, 0x00000006c9800000|
| 145|0x00000006c9900000, 0x00000006c9900000, 0x00000006c9a00000|  0%| F|  |TS 37|AC  0|TAMS 0x00000006c9900000, 0x00000006c9900000|
| 146|0x00000006c9a00000, 0x00000006c9a00000, 0x00000006c9b00000|  0%| F|  |TS 37|AC  0|TAMS 0x00000006c9a00000, 0x00000006c9a00000|
| 147|0x00000006c9b00000, 0x00000006c9b00000, 0x00000006c9c00000|  0%| F|  |TS 37|AC  0|TAMS 0x00000006c9b00000, 0x00000006c9b00000|
| 148|0x00000006c9c00000, 0x00000006c9c00000, 0x00000006c9d00000|  0%| F|  |TS 37|AC  0|TAMS 0x00000006c9c00000, 0x00000006c9c00000|
| 149|0x00000006c9d00000, 0x00000006c9d00000, 0x00000006c9e00000|  0%| F|  |TS 37|AC  0|TAMS 0x00000006c9d00000, 0x00000006c9d00000|
| 150|0x00000006c9e00000, 0x00000006c9e00000, 0x00000006c9f00000|  0%| F|  |TS 37|AC  0|TAMS 0x00000006c9e00000, 0x00000006c9e00000|
| 151|0x00000006c9f00000, 0x00000006c9f00000, 0x00000006ca000000|  0%| F|  |TS 37|AC  0|TAMS 0x00000006c9f00000, 0x00000006c9f00000|
| 152|0x00000006ca000000, 0x00000006ca000000, 0x00000006ca100000|  0%| F|  |TS 37|AC  0|TAMS 0x00000006ca000000, 0x00000006ca000000|
| 153|0x00000006ca100000, 0x00000006ca100000, 0x00000006ca200000|  0%| F|  |TS 37|AC  0|TAMS 0x00000006ca100000, 0x00000006ca100000|
| 154|0x00000006ca200000, 0x00000006ca200000, 0x00000006ca300000|  0%| F|  |TS 37|AC  0|TAMS 0x00000006ca200000, 0x00000006ca200000|
| 155|0x00000006ca300000, 0x00000006ca300000, 0x00000006ca400000|  0%| F|  |TS 37|AC  0|TAMS 0x00000006ca300000, 0x00000006ca300000|
| 156|0x00000006ca400000, 0x00000006ca400000, 0x00000006ca500000|  0%| F|  |TS 37|AC  0|TAMS 0x00000006ca400000, 0x00000006ca400000|
| 157|0x00000006ca500000, 0x00000006ca500000, 0x00000006ca600000|  0%| F|  |TS 37|AC  0|TAMS 0x00000006ca500000, 0x00000006ca500000|
| 158|0x00000006ca600000, 0x00000006ca600000, 0x00000006ca700000|  0%| F|  |TS 37|AC  0|TAMS 0x00000006ca600000, 0x00000006ca600000|
| 159|0x00000006ca700000, 0x00000006ca700000, 0x00000006ca800000|  0%| F|  |TS 37|AC  0|TAMS 0x00000006ca700000, 0x00000006ca700000|
| 160|0x00000006ca800000, 0x00000006ca800000, 0x00000006ca900000|  0%| F|  |TS 37|AC  0|TAMS 0x00000006ca800000, 0x00000006ca800000|
| 161|0x00000006ca900000, 0x00000006ca900000, 0x00000006caa00000|  0%| F|  |TS 37|AC  0|TAMS 0x00000006ca900000, 0x00000006ca900000|
| 162|0x00000006caa00000, 0x00000006caa00000, 0x00000006cab00000|  0%| F|  |TS 37|AC  0|TAMS 0x00000006caa00000, 0x00000006caa00000|
| 163|0x00000006cab00000, 0x00000006cab00000, 0x00000006cac00000|  0%| F|  |TS 37|AC  0|TAMS 0x00000006cab00000, 0x00000006cab00000|
| 164|0x00000006cac00000, 0x00000006cac00000, 0x00000006cad00000|  0%| F|  |TS 37|AC  0|TAMS 0x00000006cac00000, 0x00000006cac00000|
| 165|0x00000006cad00000, 0x00000006cad00000, 0x00000006cae00000|  0%| F|  |TS 37|AC  0|TAMS 0x00000006cad00000, 0x00000006cad00000|
| 166|0x00000006cae00000, 0x00000006cae00000, 0x00000006caf00000|  0%| F|  |TS 37|AC  0|TAMS 0x00000006cae00000, 0x00000006cae00000|
| 167|0x00000006caf00000, 0x00000006caf00000, 0x00000006cb000000|  0%| F|  |TS 37|AC  0|TAMS 0x00000006caf00000, 0x00000006caf00000|
| 168|0x00000006cb000000, 0x00000006cb000000, 0x00000006cb100000|  0%| F|  |TS 37|AC  0|TAMS 0x00000006cb000000, 0x00000006cb000000|
| 169|0x00000006cb100000, 0x00000006cb100000, 0x00000006cb200000|  0%| F|  |TS 37|AC  0|TAMS 0x00000006cb100000, 0x00000006cb100000|
| 170|0x00000006cb200000, 0x00000006cb200000, 0x00000006cb300000|  0%| F|  |TS 37|AC  0|TAMS 0x00000006cb200000, 0x00000006cb200000|
| 171|0x00000006cb300000, 0x00000006cb300000, 0x00000006cb400000|  0%| F|  |TS 37|AC  0|TAMS 0x00000006cb300000, 0x00000006cb300000|
| 172|0x00000006cb400000, 0x00000006cb400000, 0x00000006cb500000|  0%| F|  |TS 37|AC  0|TAMS 0x00000006cb400000, 0x00000006cb400000|
| 173|0x00000006cb500000, 0x00000006cb500000, 0x00000006cb600000|  0%| F|  |TS 37|AC  0|TAMS 0x00000006cb500000, 0x00000006cb500000|
| 174|0x00000006cb600000, 0x00000006cb600000, 0x00000006cb700000|  0%| F|  |TS 37|AC  0|TAMS 0x00000006cb600000, 0x00000006cb600000|
| 175|0x00000006cb700000, 0x00000006cb700000, 0x00000006cb800000|  0%| F|  |TS 37|AC  0|TAMS 0x00000006cb700000, 0x00000006cb700000|
| 176|0x00000006cb800000, 0x00000006cb800000, 0x00000006cb900000|  0%| F|  |TS 37|AC  0|TAMS 0x00000006cb800000, 0x00000006cb800000|
| 177|0x00000006cb900000, 0x00000006cb900000, 0x00000006cba00000|  0%| F|  |TS 37|AC  0|TAMS 0x00000006cb900000, 0x00000006cb900000|
| 178|0x00000006cba00000, 0x00000006cba00000, 0x00000006cbb00000|  0%| F|  |TS 37|AC  0|TAMS 0x00000006cba00000, 0x00000006cba00000|
| 179|0x00000006cbb00000, 0x00000006cbb00000, 0x00000006cbc00000|  0%| F|  |TS 37|AC  0|TAMS 0x00000006cbb00000, 0x00000006cbb00000|
| 180|0x00000006cbc00000, 0x00000006cbc00000, 0x00000006cbd00000|  0%| F|  |TS 37|AC  0|TAMS 0x00000006cbc00000, 0x00000006cbc00000|
| 181|0x00000006cbd00000, 0x00000006cbd00000, 0x00000006cbe00000|  0%| F|  |TS 37|AC  0|TAMS 0x00000006cbd00000, 0x00000006cbd00000|
| 182|0x00000006cbe00000, 0x00000006cbe00000, 0x00000006cbf00000|  0%| F|  |TS 37|AC  0|TAMS 0x00000006cbe00000, 0x00000006cbe00000|
| 183|0x00000006cbf00000, 0x00000006cbf00000, 0x00000006cc000000|  0%| F|  |TS 37|AC  0|TAMS 0x00000006cbf00000, 0x00000006cbf00000|
| 184|0x00000006cc000000, 0x00000006cc000000, 0x00000006cc100000|  0%| F|  |TS 37|AC  0|TAMS 0x00000006cc000000, 0x00000006cc000000|
| 185|0x00000006cc100000, 0x00000006cc100000, 0x00000006cc200000|  0%| F|  |TS 37|AC  0|TAMS 0x00000006cc100000, 0x00000006cc100000|
| 186|0x00000006cc200000, 0x00000006cc200000, 0x00000006cc300000|  0%| F|  |TS 37|AC  0|TAMS 0x00000006cc200000, 0x00000006cc200000|
| 187|0x00000006cc300000, 0x00000006cc300000, 0x00000006cc400000|  0%| F|  |TS 37|AC  0|TAMS 0x00000006cc300000, 0x00000006cc300000|
| 188|0x00000006cc400000, 0x00000006cc400000, 0x00000006cc500000|  0%| F|  |TS 37|AC  0|TAMS 0x00000006cc400000, 0x00000006cc400000|
| 189|0x00000006cc500000, 0x00000006cc500000, 0x00000006cc600000|  0%| F|  |TS 37|AC  0|TAMS 0x00000006cc500000, 0x00000006cc500000|
| 190|0x00000006cc600000, 0x00000006cc600000, 0x00000006cc700000|  0%| F|  |TS 37|AC  0|TAMS 0x00000006cc600000, 0x00000006cc600000|
| 191|0x00000006cc700000, 0x00000006cc700000, 0x00000006cc800000|  0%| F|  |TS 37|AC  0|TAMS 0x00000006cc700000, 0x00000006cc700000|
| 192|0x00000006cc800000, 0x00000006cc800000, 0x00000006cc900000|  0%| F|  |TS 37|AC  0|TAMS 0x00000006cc800000, 0x00000006cc800000|
| 193|0x00000006cc900000, 0x00000006cc900000, 0x00000006cca00000|  0%| F|  |TS 37|AC  0|TAMS 0x00000006cc900000, 0x00000006cc900000|
| 194|0x00000006cca00000, 0x00000006cca00000, 0x00000006ccb00000|  0%| F|  |TS 37|AC  0|TAMS 0x00000006cca00000, 0x00000006cca00000|
| 195|0x00000006ccb00000, 0x00000006ccb00000, 0x00000006ccc00000|  0%| F|  |TS 37|AC  0|TAMS 0x00000006ccb00000, 0x00000006ccb00000|
| 196|0x00000006ccc00000, 0x00000006ccc00000, 0x00000006ccd00000|  0%| F|  |TS 37|AC  0|TAMS 0x00000006ccc00000, 0x00000006ccc00000|
| 197|0x00000006ccd00000, 0x00000006ccd00000, 0x00000006cce00000|  0%| F|  |TS 37|AC  0|TAMS 0x00000006ccd00000, 0x00000006ccd00000|
| 198|0x00000006cce00000, 0x00000006cce00000, 0x00000006ccf00000|  0%| F|  |TS 37|AC  0|TAMS 0x00000006cce00000, 0x00000006cce00000|
| 199|0x00000006ccf00000, 0x00000006ccf00000, 0x00000006cd000000|  0%| F|  |TS 37|AC  0|TAMS 0x00000006ccf00000, 0x00000006ccf00000|
| 200|0x00000006cd000000, 0x00000006cd000000, 0x00000006cd100000|  0%| F|  |TS 37|AC  0|TAMS 0x00000006cd000000, 0x00000006cd000000|
| 201|0x00000006cd100000, 0x00000006cd100000, 0x00000006cd200000|  0%| F|  |TS 37|AC  0|TAMS 0x00000006cd100000, 0x00000006cd100000|
| 202|0x00000006cd200000, 0x00000006cd200000, 0x00000006cd300000|  0%| F|  |TS 37|AC  0|TAMS 0x00000006cd200000, 0x00000006cd200000|
| 203|0x00000006cd300000, 0x00000006cd300000, 0x00000006cd400000|  0%| F|  |TS 37|AC  0|TAMS 0x00000006cd300000, 0x00000006cd300000|
| 204|0x00000006cd400000, 0x00000006cd400000, 0x00000006cd500000|  0%| F|  |TS 37|AC  0|TAMS 0x00000006cd400000, 0x00000006cd400000|
| 205|0x00000006cd500000, 0x00000006cd500000, 0x00000006cd600000|  0%| F|  |TS 37|AC  0|TAMS 0x00000006cd500000, 0x00000006cd500000|
| 206|0x00000006cd600000, 0x00000006cd600000, 0x00000006cd700000|  0%| F|  |TS 37|AC  0|TAMS 0x00000006cd600000, 0x00000006cd600000|
| 207|0x00000006cd700000, 0x00000006cd700000, 0x00000006cd800000|  0%| F|  |TS 37|AC  0|TAMS 0x00000006cd700000, 0x00000006cd700000|
| 208|0x00000006cd800000, 0x00000006cd800000, 0x00000006cd900000|  0%| F|  |TS 37|AC  0|TAMS 0x00000006cd800000, 0x00000006cd800000|
| 209|0x00000006cd900000, 0x00000006cd900000, 0x00000006cda00000|  0%| F|  |TS 37|AC  0|TAMS 0x00000006cd900000, 0x00000006cd900000|
| 210|0x00000006cda00000, 0x00000006cda00000, 0x00000006cdb00000|  0%| F|  |TS 37|AC  0|TAMS 0x00000006cda00000, 0x00000006cda00000|
| 211|0x00000006cdb00000, 0x00000006cdb00000, 0x00000006cdc00000|  0%| F|  |TS 37|AC  0|TAMS 0x00000006cdb00000, 0x00000006cdb00000|
| 212|0x00000006cdc00000, 0x00000006cdc00000, 0x00000006cdd00000|  0%| F|  |TS 37|AC  0|TAMS 0x00000006cdc00000, 0x00000006cdc00000|
| 213|0x00000006cdd00000, 0x00000006cdd00000, 0x00000006cde00000|  0%| F|  |TS 37|AC  0|TAMS 0x00000006cdd00000, 0x00000006cdd00000|
| 214|0x00000006cde00000, 0x00000006cde00000, 0x00000006cdf00000|  0%| F|  |TS 37|AC  0|TAMS 0x00000006cde00000, 0x00000006cde00000|
| 215|0x00000006cdf00000, 0x00000006cdf00000, 0x00000006ce000000|  0%| F|  |TS 37|AC  0|TAMS 0x00000006cdf00000, 0x00000006cdf00000|
| 216|0x00000006ce000000, 0x00000006ce000000, 0x00000006ce100000|  0%| F|  |TS 37|AC  0|TAMS 0x00000006ce000000, 0x00000006ce000000|
| 217|0x00000006ce100000, 0x00000006ce100000, 0x00000006ce200000|  0%| F|  |TS 37|AC  0|TAMS 0x00000006ce100000, 0x00000006ce100000|
| 218|0x00000006ce200000, 0x00000006ce200000, 0x00000006ce300000|  0%| F|  |TS 37|AC  0|TAMS 0x00000006ce200000, 0x00000006ce200000|
| 219|0x00000006ce300000, 0x00000006ce300000, 0x00000006ce400000|  0%| F|  |TS 37|AC  0|TAMS 0x00000006ce300000, 0x00000006ce300000|
| 220|0x00000006ce400000, 0x00000006ce400000, 0x00000006ce500000|  0%| F|  |TS 37|AC  0|TAMS 0x00000006ce400000, 0x00000006ce400000|
| 221|0x00000006ce500000, 0x00000006ce500000, 0x00000006ce600000|  0%| F|  |TS 37|AC  0|TAMS 0x00000006ce500000, 0x00000006ce500000|
| 222|0x00000006ce600000, 0x00000006ce600000, 0x00000006ce700000|  0%| F|  |TS 37|AC  0|TAMS 0x00000006ce600000, 0x00000006ce600000|
| 223|0x00000006ce700000, 0x00000006ce700000, 0x00000006ce800000|  0%| F|  |TS 37|AC  0|TAMS 0x00000006ce700000, 0x00000006ce700000|
| 224|0x00000006ce800000, 0x00000006ce800000, 0x00000006ce900000|  0%| F|  |TS 37|AC  0|TAMS 0x00000006ce800000, 0x00000006ce800000|
| 225|0x00000006ce900000, 0x00000006ce900000, 0x00000006cea00000|  0%| F|  |TS 37|AC  0|TAMS 0x00000006ce900000, 0x00000006ce900000|
| 226|0x00000006cea00000, 0x00000006cea00000, 0x00000006ceb00000|  0%| F|  |TS 37|AC  0|TAMS 0x00000006cea00000, 0x00000006cea00000|
| 227|0x00000006ceb00000, 0x00000006ceb00000, 0x00000006cec00000|  0%| F|  |TS 37|AC  0|TAMS 0x00000006ceb00000, 0x00000006ceb00000|
| 228|0x00000006cec00000, 0x00000006cec00000, 0x00000006ced00000|  0%| F|  |TS 37|AC  0|TAMS 0x00000006cec00000, 0x00000006cec00000|
| 229|0x00000006ced00000, 0x00000006ced00000, 0x00000006cee00000|  0%| F|  |TS 37|AC  0|TAMS 0x00000006ced00000, 0x00000006ced00000|
| 230|0x00000006cee00000, 0x00000006cee00000, 0x00000006cef00000|  0%| F|  |TS 37|AC  0|TAMS 0x00000006cee00000, 0x00000006cee00000|
| 231|0x00000006cef00000, 0x00000006cef00000, 0x00000006cf000000|  0%| F|  |TS 37|AC  0|TAMS 0x00000006cef00000, 0x00000006cef00000|
| 232|0x00000006cf000000, 0x00000006cf000000, 0x00000006cf100000|  0%| F|  |TS 37|AC  0|TAMS 0x00000006cf000000, 0x00000006cf000000|
| 233|0x00000006cf100000, 0x00000006cf100000, 0x00000006cf200000|  0%| F|  |TS 37|AC  0|TAMS 0x00000006cf100000, 0x00000006cf100000|
| 234|0x00000006cf200000, 0x00000006cf200000, 0x00000006cf300000|  0%| F|  |TS 37|AC  0|TAMS 0x00000006cf200000, 0x00000006cf200000|
| 235|0x00000006cf300000, 0x00000006cf300000, 0x00000006cf400000|  0%| F|  |TS 37|AC  0|TAMS 0x00000006cf300000, 0x00000006cf300000|
| 236|0x00000006cf400000, 0x00000006cf400000, 0x00000006cf500000|  0%| F|  |TS 37|AC  0|TAMS 0x00000006cf400000, 0x00000006cf400000|
| 237|0x00000006cf500000, 0x00000006cf500000, 0x00000006cf600000|  0%| F|  |TS 37|AC  0|TAMS 0x00000006cf500000, 0x00000006cf500000|
| 238|0x00000006cf600000, 0x00000006cf600000, 0x00000006cf700000|  0%| F|  |TS 37|AC  0|TAMS 0x00000006cf600000, 0x00000006cf600000|
| 239|0x00000006cf700000, 0x00000006cf700000, 0x00000006cf800000|  0%| F|  |TS 37|AC  0|TAMS 0x00000006cf700000, 0x00000006cf700000|
| 240|0x00000006cf800000, 0x00000006cf800000, 0x00000006cf900000|  0%| F|  |TS 37|AC  0|TAMS 0x00000006cf800000, 0x00000006cf800000|
| 241|0x00000006cf900000, 0x00000006cf900000, 0x00000006cfa00000|  0%| F|  |TS 37|AC  0|TAMS 0x00000006cf900000, 0x00000006cf900000|
| 242|0x00000006cfa00000, 0x00000006cfa00000, 0x00000006cfb00000|  0%| F|  |TS 37|AC  0|TAMS 0x00000006cfa00000, 0x00000006cfa00000|
| 243|0x00000006cfb00000, 0x00000006cfb00000, 0x00000006cfc00000|  0%| F|  |TS 37|AC  0|TAMS 0x00000006cfb00000, 0x00000006cfb00000|
| 244|0x00000006cfc00000, 0x00000006cfc00000, 0x00000006cfd00000|  0%| F|  |TS 37|AC  0|TAMS 0x00000006cfc00000, 0x00000006cfc00000|
| 245|0x00000006cfd00000, 0x00000006cfd00000, 0x00000006cfe00000|  0%| F|  |TS 37|AC  0|TAMS 0x00000006cfd00000, 0x00000006cfd00000|
| 246|0x00000006cfe00000, 0x00000006cfe00000, 0x00000006cff00000|  0%| F|  |TS 37|AC  0|TAMS 0x00000006cfe00000, 0x00000006cfe00000|
| 247|0x00000006cff00000, 0x00000006cff00000, 0x00000006d0000000|  0%| F|  |TS 37|AC  0|TAMS 0x00000006cff00000, 0x00000006cff00000|
| 248|0x00000006d0000000, 0x00000006d0000000, 0x00000006d0100000|  0%| F|  |TS 37|AC  0|TAMS 0x00000006d0000000, 0x00000006d0000000|
| 249|0x00000006d0100000, 0x00000006d0100000, 0x00000006d0200000|  0%| F|  |TS 37|AC  0|TAMS 0x00000006d0100000, 0x00000006d0100000|
| 250|0x00000006d0200000, 0x00000006d0200800, 0x00000006d0300000|  0%| E|  |TS 37|AC  0|TAMS 0x00000006d0200000, 0x00000006d0200000|
| 251|0x00000006d0300000, 0x00000006d0400000, 0x00000006d0400000|100%| E|CS|TS 37|AC  0|TAMS 0x00000006d0300000, 0x00000006d0300000|
| 252|0x00000006d0400000, 0x00000006d0500000, 0x00000006d0500000|100%| E|CS|TS 37|AC  0|TAMS 0x00000006d0400000, 0x00000006d0400000|
| 253|0x00000006d0500000, 0x00000006d0600000, 0x00000006d0600000|100%| E|CS|TS 37|AC  0|TAMS 0x00000006d0500000, 0x00000006d0500000|
| 254|0x00000006d0600000, 0x00000006d0700000, 0x00000006d0700000|100%| E|CS|TS 37|AC  0|TAMS 0x00000006d0600000, 0x00000006d0600000|
| 255|0x00000006d0700000, 0x00000006d0800000, 0x00000006d0800000|100%| E|CS|TS 37|AC  0|TAMS 0x00000006d0700000, 0x00000006d0700000|
| 256|0x00000006d0800000, 0x00000006d0900000, 0x00000006d0900000|100%| E|CS|TS 37|AC  0|TAMS 0x00000006d0800000, 0x00000006d0800000|
| 257|0x00000006d0900000, 0x00000006d0a00000, 0x00000006d0a00000|100%| E|CS|TS 37|AC  0|TAMS 0x00000006d0900000, 0x00000006d0900000|
| 258|0x00000006d0a00000, 0x00000006d0b00000, 0x00000006d0b00000|100%| E|CS|TS 37|AC  0|TAMS 0x00000006d0a00000, 0x00000006d0a00000|
| 259|0x00000006d0b00000, 0x00000006d0c00000, 0x00000006d0c00000|100%| E|CS|TS 37|AC  0|TAMS 0x00000006d0b00000, 0x00000006d0b00000|
| 260|0x00000006d0c00000, 0x00000006d0d00000, 0x00000006d0d00000|100%| E|CS|TS 37|AC  0|TAMS 0x00000006d0c00000, 0x00000006d0c00000|
| 261|0x00000006d0d00000, 0x00000006d0e00000, 0x00000006d0e00000|100%| E|CS|TS 37|AC  0|TAMS 0x00000006d0d00000, 0x00000006d0d00000|
| 262|0x00000006d0e00000, 0x00000006d0f00000, 0x00000006d0f00000|100%| E|CS|TS 37|AC  0|TAMS 0x00000006d0e00000, 0x00000006d0e00000|
| 263|0x00000006d0f00000, 0x00000006d1000000, 0x00000006d1000000|100%| E|CS|TS 37|AC  0|TAMS 0x00000006d0f00000, 0x00000006d0f00000|
| 264|0x00000006d1000000, 0x00000006d1100000, 0x00000006d1100000|100%| E|CS|TS 37|AC  0|TAMS 0x00000006d1000000, 0x00000006d1000000|
| 265|0x00000006d1100000, 0x00000006d1200000, 0x00000006d1200000|100%| E|CS|TS 37|AC  0|TAMS 0x00000006d1100000, 0x00000006d1100000|
| 266|0x00000006d1200000, 0x00000006d1300000, 0x00000006d1300000|100%| E|CS|TS 37|AC  0|TAMS 0x00000006d1200000, 0x00000006d1200000|
| 267|0x00000006d1300000, 0x00000006d1400000, 0x00000006d1400000|100%| E|CS|TS 37|AC  0|TAMS 0x00000006d1300000, 0x00000006d1300000|
| 268|0x00000006d1400000, 0x00000006d1500000, 0x00000006d1500000|100%| E|CS|TS 37|AC  0|TAMS 0x00000006d1400000, 0x00000006d1400000|
| 269|0x00000006d1500000, 0x00000006d1600000, 0x00000006d1600000|100%| E|CS|TS 37|AC  0|TAMS 0x00000006d1500000, 0x00000006d1500000|
| 270|0x00000006d1600000, 0x00000006d1700000, 0x00000006d1700000|100%| E|CS|TS 37|AC  0|TAMS 0x00000006d1600000, 0x00000006d1600000|
| 271|0x00000006d1700000, 0x00000006d1800000, 0x00000006d1800000|100%| E|CS|TS 37|AC  0|TAMS 0x00000006d1700000, 0x00000006d1700000|
| 272|0x00000006d1800000, 0x00000006d1900000, 0x00000006d1900000|100%| E|CS|TS 37|AC  0|TAMS 0x00000006d1800000, 0x00000006d1800000|
| 273|0x00000006d1900000, 0x00000006d1a00000, 0x00000006d1a00000|100%| E|CS|TS 37|AC  0|TAMS 0x00000006d1900000, 0x00000006d1900000|
| 274|0x00000006d1a00000, 0x00000006d1b00000, 0x00000006d1b00000|100%| E|CS|TS 37|AC  0|TAMS 0x00000006d1a00000, 0x00000006d1a00000|
| 275|0x00000006d1b00000, 0x00000006d1c00000, 0x00000006d1c00000|100%| E|CS|TS 37|AC  0|TAMS 0x00000006d1b00000, 0x00000006d1b00000|
| 276|0x00000006d1c00000, 0x00000006d1d00000, 0x00000006d1d00000|100%| E|CS|TS 37|AC  0|TAMS 0x00000006d1c00000, 0x00000006d1c00000|
| 277|0x00000006d1d00000, 0x00000006d1e00000, 0x00000006d1e00000|100%| E|CS|TS 37|AC  0|TAMS 0x00000006d1d00000, 0x00000006d1d00000|
| 278|0x00000006d1e00000, 0x00000006d1f00000, 0x00000006d1f00000|100%| E|CS|TS 37|AC  0|TAMS 0x00000006d1e00000, 0x00000006d1e00000|
| 279|0x00000006d1f00000, 0x00000006d2000000, 0x00000006d2000000|100%| E|CS|TS 37|AC  0|TAMS 0x00000006d1f00000, 0x00000006d1f00000|
| 280|0x00000006d2000000, 0x00000006d2100000, 0x00000006d2100000|100%| E|CS|TS 37|AC  0|TAMS 0x00000006d2000000, 0x00000006d2000000|
| 281|0x00000006d2100000, 0x00000006d2200000, 0x00000006d2200000|100%| E|CS|TS 37|AC  0|TAMS 0x00000006d2100000, 0x00000006d2100000|
| 282|0x00000006d2200000, 0x00000006d2300000, 0x00000006d2300000|100%| E|CS|TS 37|AC  0|TAMS 0x00000006d2200000, 0x00000006d2200000|
| 283|0x00000006d2300000, 0x00000006d2400000, 0x00000006d2400000|100%| E|CS|TS 37|AC  0|TAMS 0x00000006d2300000, 0x00000006d2300000|
| 284|0x00000006d2400000, 0x00000006d2500000, 0x00000006d2500000|100%| E|CS|TS 37|AC  0|TAMS 0x00000006d2400000, 0x00000006d2400000|
| 285|0x00000006d2500000, 0x00000006d2600000, 0x00000006d2600000|100%| E|CS|TS 37|AC  0|TAMS 0x00000006d2500000, 0x00000006d2500000|
| 286|0x00000006d2600000, 0x00000006d2700000, 0x00000006d2700000|100%| E|CS|TS 37|AC  0|TAMS 0x00000006d2600000, 0x00000006d2600000|
| 287|0x00000006d2700000, 0x00000006d2800000, 0x00000006d2800000|100%| E|CS|TS 37|AC  0|TAMS 0x00000006d2700000, 0x00000006d2700000|
| 288|0x00000006d2800000, 0x00000006d2900000, 0x00000006d2900000|100%| E|CS|TS 37|AC  0|TAMS 0x00000006d2800000, 0x00000006d2800000|
| 289|0x00000006d2900000, 0x00000006d2a00000, 0x00000006d2a00000|100%| E|CS|TS 37|AC  0|TAMS 0x00000006d2900000, 0x00000006d2900000|
| 290|0x00000006d2a00000, 0x00000006d2b00000, 0x00000006d2b00000|100%| E|CS|TS 37|AC  0|TAMS 0x00000006d2a00000, 0x00000006d2a00000|
| 291|0x00000006d2b00000, 0x00000006d2c00000, 0x00000006d2c00000|100%| E|CS|TS 37|AC  0|TAMS 0x00000006d2b00000, 0x00000006d2b00000|
| 292|0x00000006d2c00000, 0x00000006d2d00000, 0x00000006d2d00000|100%| E|CS|TS 37|AC  0|TAMS 0x00000006d2c00000, 0x00000006d2c00000|
| 293|0x00000006d2d00000, 0x00000006d2e00000, 0x00000006d2e00000|100%| E|CS|TS 37|AC  0|TAMS 0x00000006d2d00000, 0x00000006d2d00000|
| 294|0x00000006d2e00000, 0x00000006d2f00000, 0x00000006d2f00000|100%| E|CS|TS 37|AC  0|TAMS 0x00000006d2e00000, 0x00000006d2e00000|
| 295|0x00000006d2f00000, 0x00000006d3000000, 0x00000006d3000000|100%| E|CS|TS 37|AC  0|TAMS 0x00000006d2f00000, 0x00000006d2f00000|
| 296|0x00000006d3000000, 0x00000006d3100000, 0x00000006d3100000|100%| E|CS|TS 37|AC  0|TAMS 0x00000006d3000000, 0x00000006d3000000|
| 297|0x00000006d3100000, 0x00000006d3200000, 0x00000006d3200000|100%| E|CS|TS 37|AC  0|TAMS 0x00000006d3100000, 0x00000006d3100000|
| 298|0x00000006d3200000, 0x00000006d3300000, 0x00000006d3300000|100%| E|CS|TS 37|AC  0|TAMS 0x00000006d3200000, 0x00000006d3200000|
| 299|0x00000006d3300000, 0x00000006d3400000, 0x00000006d3400000|100%| E|CS|TS 37|AC  0|TAMS 0x00000006d3300000, 0x00000006d3300000|
| 300|0x00000006d3400000, 0x00000006d3500000, 0x00000006d3500000|100%| E|CS|TS 37|AC  0|TAMS 0x00000006d3400000, 0x00000006d3400000|
| 301|0x00000006d3500000, 0x00000006d3600000, 0x00000006d3600000|100%| E|CS|TS 37|AC  0|TAMS 0x00000006d3500000, 0x00000006d3500000|
| 302|0x00000006d3600000, 0x00000006d3700000, 0x00000006d3700000|100%| E|CS|TS 37|AC  0|TAMS 0x00000006d3600000, 0x00000006d3600000|
| 303|0x00000006d3700000, 0x00000006d3800000, 0x00000006d3800000|100%| E|CS|TS 37|AC  0|TAMS 0x00000006d3700000, 0x00000006d3700000|
| 304|0x00000006d3800000, 0x00000006d3900000, 0x00000006d3900000|100%| E|CS|TS 37|AC  0|TAMS 0x00000006d3800000, 0x00000006d3800000|
| 305|0x00000006d3900000, 0x00000006d3a00000, 0x00000006d3a00000|100%| E|CS|TS 37|AC  0|TAMS 0x00000006d3900000, 0x00000006d3900000|
| 306|0x00000006d3a00000, 0x00000006d3b00000, 0x00000006d3b00000|100%| E|CS|TS 37|AC  0|TAMS 0x00000006d3a00000, 0x00000006d3a00000|
| 307|0x00000006d3b00000, 0x00000006d3c00000, 0x00000006d3c00000|100%| E|CS|TS 37|AC  0|TAMS 0x00000006d3b00000, 0x00000006d3b00000|

Card table byte_map: [0x000001c5f08e0000,0x000001c5f10e0000] byte_map_base: 0x000001c5ed2dc000

Marking Bits (Prev, Next): (CMBitMap*) 0x000001c5d7a62790, (CMBitMap*) 0x000001c5d7a627c8
 Prev Bits: [0x000001c5f18e0000, 0x000001c5f58c0000)
 Next Bits: [0x000001c5f58c0000, 0x000001c5f98a0000)

Polling page: 0x000001c5d7b00000

CodeHeap 'non-profiled nmethods': size=120000Kb used=3147Kb max_used=3147Kb free=116852Kb
 bounds [0x000001c5e7950000, 0x000001c5e7c70000, 0x000001c5eee80000]
CodeHeap 'profiled nmethods': size=120000Kb used=8644Kb max_used=8644Kb free=111355Kb
 bounds [0x000001c5e0420000, 0x000001c5e0ca0000, 0x000001c5e7950000]
CodeHeap 'non-nmethods': size=5760Kb used=1402Kb max_used=1463Kb free=4358Kb
 bounds [0x000001c5dfe80000, 0x000001c5e00f0000, 0x000001c5e0420000]
 total_blobs=5835 nmethods=3951 adapters=554
 compilation: enabled

Compilation events (10 events):
Event: 926.025 Thread 0x000001c5fcd63800 nmethod 3957 0x000001c5e7c61310 code [0x000001c5e7c614c0, 0x000001c5e7c61718]
Event: 926.199 Thread 0x000001c5fcd5d800 3958       4       javax.swing.text.ParagraphView$Row::getStartOffset (40 bytes)
Event: 926.203 Thread 0x000001c5fcd5c800 3959       4       java.awt.Rectangle::clip (39 bytes)
Event: 926.204 Thread 0x000001c5fcd5d800 nmethod 3958 0x000001c5e7c61910 code [0x000001c5e7c61ac0, 0x000001c5e7c61d78]
Event: 926.205 Thread 0x000001c5fcd5c800 nmethod 3959 0x000001c5e7c62090 code [0x000001c5e7c62260, 0x000001c5e7c62498]
Event: 926.676 Thread 0x000001c5fcd70800 3960       3       java.util.concurrent.atomic.AtomicBoolean::get (13 bytes)
Event: 926.677 Thread 0x000001c5fcd70800 nmethod 3960 0x000001c5e0c90e10 code [0x000001c5e0c90fc0, 0x000001c5e0c91178]
Event: 926.841 Thread 0x000001c5fcd63800 3961   !   4       sun.awt.PostEventQueue::flush (168 bytes)
Event: 926.849 Thread 0x000001c5fcd5d800 3962       4       sun.java2d.SunGraphics2D::create (8 bytes)
Event: 926.853 Thread 0x000001c5fcd5d800 nmethod 3962 0x000001c5e7c62710 code [0x000001c5e7c628c0, 0x000001c5e7c62c38]

GC Heap History (10 events):
Event: 809.577 GC heap before
{Heap before GC invocations=14 (full 0):
 garbage-first heap   total 262144K, used 175634K [0x00000006c0800000, 0x00000006c0900800, 0x00000007c0000000)
  region size 1024K, 153 young (156672K), 11 survivors (11264K)
 Metaspace       used 19580K, capacity 20722K, committed 20992K, reserved 1067008K
  class space    used 2314K, capacity 2543K, committed 2560K, reserved 1048576K
}
Event: 809.584 GC heap after
{Heap after GC invocations=15 (full 0):
 garbage-first heap   total 262144K, used 31744K [0x00000006c0800000, 0x00000006c0900800, 0x00000007c0000000)
  region size 1024K, 12 young (12288K), 12 survivors (12288K)
 Metaspace       used 19580K, capacity 20722K, committed 20992K, reserved 1067008K
  class space    used 2314K, capacity 2543K, committed 2560K, reserved 1048576K
}
Event: 810.244 GC heap before
{Heap before GC invocations=15 (full 0):
 garbage-first heap   total 262144K, used 176128K [0x00000006c0800000, 0x00000006c0900800, 0x00000007c0000000)
  region size 1024K, 153 young (156672K), 12 survivors (12288K)
 Metaspace       used 19580K, capacity 20722K, committed 20992K, reserved 1067008K
  class space    used 2314K, capacity 2543K, committed 2560K, reserved 1048576K
}
Event: 810.250 GC heap after
{Heap after GC invocations=16 (full 0):
 garbage-first heap   total 262144K, used 32976K [0x00000006c0800000, 0x00000006c0900800, 0x00000007c0000000)
  region size 1024K, 11 young (11264K), 11 survivors (11264K)
 Metaspace       used 19580K, capacity 20722K, committed 20992K, reserved 1067008K
  class space    used 2314K, capacity 2543K, committed 2560K, reserved 1048576K
}
Event: 810.285 GC heap before
{Heap before GC invocations=16 (full 0):
 garbage-first heap   total 262144K, used 178384K [0x00000006c0800000, 0x00000006c0900800, 0x00000007c0000000)
  region size 1024K, 153 young (156672K), 11 survivors (11264K)
 Metaspace       used 19580K, capacity 20722K, committed 20992K, reserved 1067008K
  class space    used 2314K, capacity 2543K, committed 2560K, reserved 1048576K
}
Event: 810.292 GC heap after
{Heap after GC invocations=17 (full 0):
 garbage-first heap   total 262144K, used 34585K [0x00000006c0800000, 0x00000006c0900800, 0x00000007c0000000)
  region size 1024K, 11 young (11264K), 11 survivors (11264K)
 Metaspace       used 19580K, capacity 20722K, committed 20992K, reserved 1067008K
  class space    used 2314K, capacity 2543K, committed 2560K, reserved 1048576K
}
Event: 810.937 GC heap before
{Heap before GC invocations=17 (full 0):
 garbage-first heap   total 262144K, used 179993K [0x00000006c0800000, 0x00000006c0900800, 0x00000007c0000000)
  region size 1024K, 153 young (156672K), 11 survivors (11264K)
 Metaspace       used 19582K, capacity 20722K, committed 20992K, reserved 1067008K
  class space    used 2314K, capacity 2543K, committed 2560K, reserved 1048576K
}
Event: 810.945 GC heap after
{Heap after GC invocations=18 (full 0):
 garbage-first heap   total 315392K, used 36362K [0x00000006c0800000, 0x00000006c09009a0, 0x00000007c0000000)
  region size 1024K, 13 young (13312K), 13 survivors (13312K)
 Metaspace       used 19582K, capacity 20722K, committed 20992K, reserved 1067008K
  class space    used 2314K, capacity 2543K, committed 2560K, reserved 1048576K
}
Event: 924.835 GC heap before
{Heap before GC invocations=18 (full 0):
 garbage-first heap   total 315392K, used 211466K [0x00000006c0800000, 0x00000006c09009a0, 0x00000007c0000000)
  region size 1024K, 184 young (188416K), 13 survivors (13312K)
 Metaspace       used 19633K, capacity 20792K, committed 20992K, reserved 1067008K
  class space    used 2314K, capacity 2544K, committed 2560K, reserved 1048576K
}
Event: 924.842 GC heap after
{Heap after GC invocations=19 (full 0):
 garbage-first heap   total 315392K, used 37669K [0x00000006c0800000, 0x00000006c09009a0, 0x00000007c0000000)
  region size 1024K, 14 young (14336K), 14 survivors (14336K)
 Metaspace       used 19633K, capacity 20792K, committed 20992K, reserved 1067008K
  class space    used 2314K, capacity 2544K, committed 2560K, reserved 1048576K
}

Deoptimization events (10 events):
Event: 803.606 Thread 0x000001c5ff6d9800 Uncommon trap: reason=intrinsic_or_type_checked_inlining action=make_not_entrant pc=0x000001c5e7b844d0 method=javax.swing.text.AbstractDocument$BranchElement.replace(II[Ljavax/swing/text/Element;)V @ 140 c2
Event: 804.259 Thread 0x000001c5ff6d9800 Uncommon trap: reason=intrinsic_or_type_checked_inlining action=make_not_entrant pc=0x000001c5e7b896ec method=javax.swing.text.AbstractDocument$BranchElement.replace(II[Ljavax/swing/text/Element;)V @ 87 c2
Event: 804.277 Thread 0x000001c5ff6d8000 Uncommon trap: reason=class_check action=maybe_recompile pc=0x000001c5e7bad618 method=jdk.internal.misc.Unsafe.allocateUninitializedArray(Ljava/lang/Class;I)Ljava/lang/Object; @ 51 c2
Event: 804.278 Thread 0x000001c5ff6d8000 Uncommon trap: reason=class_check action=maybe_recompile pc=0x000001c5e7bad618 method=jdk.internal.misc.Unsafe.allocateUninitializedArray(Ljava/lang/Class;I)Ljava/lang/Object; @ 51 c2
Event: 804.278 Thread 0x000001c5ff6d8000 Uncommon trap: reason=class_check action=maybe_recompile pc=0x000001c5e7bad618 method=jdk.internal.misc.Unsafe.allocateUninitializedArray(Ljava/lang/Class;I)Ljava/lang/Object; @ 51 c2
Event: 804.280 Thread 0x000001c5ff6d8000 Uncommon trap: reason=class_check action=maybe_recompile pc=0x000001c5e7bad618 method=jdk.internal.misc.Unsafe.allocateUninitializedArray(Ljava/lang/Class;I)Ljava/lang/Object; @ 51 c2
Event: 805.110 Thread 0x000001c5fe957000 Uncommon trap: reason=intrinsic_or_type_checked_inlining action=make_not_entrant pc=0x000001c5e7bd9da4 method=java.util.Vector.toArray([Ljava/lang/Object;)[Ljava/lang/Object; @ 36 c2
Event: 805.225 Thread 0x000001c5fe957000 Uncommon trap: reason=intrinsic_or_type_checked_inlining action=make_not_entrant pc=0x000001c5e7be7bfc method=java.util.Vector.toArray([Ljava/lang/Object;)[Ljava/lang/Object; @ 36 c2
Event: 807.232 Thread 0x000001c5ff6dc800 Uncommon trap: reason=unstable_if action=reinterpret pc=0x000001c5e7ae8e44 method=javax.swing.RepaintManager.addDirtyRegion0(Ljava/awt/Container;IIII)V @ 108 c2
Event: 807.233 Thread 0x000001c5fe957000 Uncommon trap: reason=unstable_if action=reinterpret pc=0x000001c5e7aac388 method=javax.swing.RepaintManager.addDirtyRegion0(Ljava/awt/Container;IIII)V @ 108 c2

Classes redefined (0 events):
No events

Internal exceptions (10 events):
Event: 926.889 Thread 0x000001c5ff6d6800 Exception <a 'java/io/IOException'{0x00000006d2d8bdc0}> (0x00000006d2d8bdc0) thrown at [c:/workspace/9-2-build-windows-amd64-cygwin-phase2/jdk9/6725/hotspot/src/share/vm/prims/jni.cpp, line 604]
Event: 926.889 Thread 0x000001c5ff6d6800 Exception <a 'java/io/IOException'{0x00000006d2d8c160}> (0x00000006d2d8c160) thrown at [c:/workspace/9-2-build-windows-amd64-cygwin-phase2/jdk9/6725/hotspot/src/share/vm/prims/jni.cpp, line 604]
Event: 926.889 Thread 0x000001c5ff6d6800 Exception <a 'java/io/IOException'{0x00000006d2d8c3e0}> (0x00000006d2d8c3e0) thrown at [c:/workspace/9-2-build-windows-amd64-cygwin-phase2/jdk9/6725/hotspot/src/share/vm/prims/jni.cpp, line 604]
Event: 926.889 Thread 0x000001c5ff6d6800 Exception <a 'java/io/IOException'{0x00000006d2d8c630}> (0x00000006d2d8c630) thrown at [c:/workspace/9-2-build-windows-amd64-cygwin-phase2/jdk9/6725/hotspot/src/share/vm/prims/jni.cpp, line 604]
Event: 926.889 Thread 0x000001c5ff6d6800 Exception <a 'java/io/IOException'{0x00000006d2d8ca80}> (0x00000006d2d8ca80) thrown at [c:/workspace/9-2-build-windows-amd64-cygwin-phase2/jdk9/6725/hotspot/src/share/vm/prims/jni.cpp, line 604]
Event: 926.889 Thread 0x000001c5ff6d6800 Exception <a 'java/io/IOException'{0x00000006d2d8cd00}> (0x00000006d2d8cd00) thrown at [c:/workspace/9-2-build-windows-amd64-cygwin-phase2/jdk9/6725/hotspot/src/share/vm/prims/jni.cpp, line 604]
Event: 926.889 Thread 0x000001c5ff6d6800 Exception <a 'java/io/IOException'{0x00000006d2d8cf50}> (0x00000006d2d8cf50) thrown at [c:/workspace/9-2-build-windows-amd64-cygwin-phase2/jdk9/6725/hotspot/src/share/vm/prims/jni.cpp, line 604]
Event: 926.889 Thread 0x000001c5ff6d6800 Exception <a 'java/io/IOException'{0x00000006d2d8d308}> (0x00000006d2d8d308) thrown at [c:/workspace/9-2-build-windows-amd64-cygwin-phase2/jdk9/6725/hotspot/src/share/vm/prims/jni.cpp, line 604]
Event: 926.889 Thread 0x000001c5ff6d6800 Exception <a 'java/io/IOException'{0x00000006d2d8d588}> (0x00000006d2d8d588) thrown at [c:/workspace/9-2-build-windows-amd64-cygwin-phase2/jdk9/6725/hotspot/src/share/vm/prims/jni.cpp, line 604]
Event: 926.889 Thread 0x000001c5ff6d6800 Exception <a 'java/io/IOException'{0x00000006d2d8d7d8}> (0x00000006d2d8d7d8) thrown at [c:/workspace/9-2-build-windows-amd64-cygwin-phase2/jdk9/6725/hotspot/src/share/vm/prims/jni.cpp, line 604]

Events (10 events):
Event: 924.842 Executing VM operation: RevokeBias
Event: 924.842 Executing VM operation: RevokeBias done
Event: 924.842 Executing VM operation: RevokeBias
Event: 924.842 Executing VM operation: RevokeBias done
Event: 924.842 Executing VM operation: RevokeBias
Event: 924.843 Executing VM operation: RevokeBias done
Event: 924.843 Executing VM operation: RevokeBias
Event: 924.843 Executing VM operation: RevokeBias done
Event: 924.851 Executing VM operation: BulkRevokeBias
Event: 924.851 Executing VM operation: BulkRevokeBias done


Dynamic libraries:
0x00007ff693d30000 - 0x00007ff693d6e000 	C:\Program Files\Java\jre-9\bin\javaw.exe
0x00007ff9bcb50000 - 0x00007ff9bcd31000 	C:\WINDOWS\SYSTEM32\ntdll.dll
0x00007ff9bca60000 - 0x00007ff9bcb12000 	C:\WINDOWS\System32\KERNEL32.DLL
0x00007ff9b9910000 - 0x00007ff9b9b83000 	C:\WINDOWS\System32\KERNELBASE.dll
0x00007ff9b9fe0000 - 0x00007ff9ba081000 	C:\WINDOWS\System32\ADVAPI32.dll
0x00007ff9bad60000 - 0x00007ff9badfe000 	C:\WINDOWS\System32\msvcrt.dll
0x00007ff9baaf0000 - 0x00007ff9bab4b000 	C:\WINDOWS\System32\sechost.dll
0x00007ff9ba540000 - 0x00007ff9ba664000 	C:\WINDOWS\System32\RPCRT4.dll
0x00007ff9ba3b0000 - 0x00007ff9ba540000 	C:\WINDOWS\System32\USER32.dll
0x00007ff9b9b90000 - 0x00007ff9b9bb0000 	C:\WINDOWS\System32\win32u.dll
0x00007ff9baac0000 - 0x00007ff9baae8000 	C:\WINDOWS\System32\GDI32.dll
0x00007ff9b9bb0000 - 0x00007ff9b9d42000 	C:\WINDOWS\System32\gdi32full.dll
0x00007ff9b9d50000 - 0x00007ff9b9def000 	C:\WINDOWS\System32\msvcp_win.dll
0x00007ff9b8f20000 - 0x00007ff9b901a000 	C:\WINDOWS\System32\ucrtbase.dll
0x00007ff9af620000 - 0x00007ff9af889000 	C:\WINDOWS\WinSxS\amd64_microsoft.windows.common-controls_6595b64144ccf1df_6.0.17134.286_none_fb43982d306480cc\COMCTL32.dll
0x00007ff9bb110000 - 0x00007ff9bb433000 	C:\WINDOWS\System32\combase.dll
0x00007ff9b3390000 - 0x00007ff9b339a000 	C:\WINDOWS\SYSTEM32\VERSION.dll
0x00007ff9b9180000 - 0x00007ff9b91fa000 	C:\WINDOWS\System32\bcryptPrimitives.dll
0x00007ff9bb5e0000 - 0x00007ff9bb60d000 	C:\WINDOWS\System32\IMM32.DLL
0x00007ff9b7970000 - 0x00007ff9b7997000 	C:\AeroGlass\UxThemeSignatureBypass\UxThemeSignatureBypass64.dll
0x00007ff991530000 - 0x00007ff99161f000 	C:\Program Files\Java\jre-9\bin\msvcr120.dll
0x00007ff991480000 - 0x00007ff991526000 	C:\Program Files\Java\jre-9\bin\msvcp120.dll
0x00000000717d0000 - 0x00000000721fa000 	C:\Program Files\Java\jre-9\bin\server\jvm.dll
0x00007ff9bca50000 - 0x00007ff9bca58000 	C:\WINDOWS\System32\PSAPI.DLL
0x00007ff9b6c20000 - 0x00007ff9b6c43000 	C:\WINDOWS\SYSTEM32\WINMM.dll
0x00007ff9a64e0000 - 0x00007ff9a64e9000 	C:\WINDOWS\SYSTEM32\WSOCK32.dll
0x00007ff9ba1c0000 - 0x00007ff9ba22c000 	C:\WINDOWS\System32\WS2_32.dll
0x00007ff9b6bf0000 - 0x00007ff9b6c1a000 	C:\WINDOWS\SYSTEM32\winmmbase.dll
0x00007ff9b9130000 - 0x00007ff9b9179000 	C:\WINDOWS\System32\cfgmgr32.dll
0x00007ff9b54f0000 - 0x00007ff9b54ff000 	C:\Program Files\Java\jre-9\bin\verify.dll
0x00007ff9a8790000 - 0x00007ff9a87b7000 	C:\Program Files\Java\jre-9\bin\java.dll
0x00007ff9a8930000 - 0x00007ff9a8946000 	C:\Program Files\Java\jre-9\bin\zip.dll
0x00007ff9b23c0000 - 0x00007ff9b23ca000 	C:\Program Files\Java\jre-9\bin\jimage.dll
0x00007ff9bb610000 - 0x00007ff9bca50000 	C:\WINDOWS\System32\SHELL32.dll
0x00007ff9bae10000 - 0x00007ff9baeb9000 	C:\WINDOWS\System32\shcore.dll
0x000001c5fd230000 - 0x000001c5fd93d000 	C:\WINDOWS\System32\windows.storage.dll
0x00007ff9ba090000 - 0x00007ff9ba0e1000 	C:\WINDOWS\System32\shlwapi.dll
0x00007ff9b8e60000 - 0x00007ff9b8e71000 	C:\WINDOWS\System32\kernel.appcore.dll
0x00007ff9b8ef0000 - 0x00007ff9b8f0f000 	C:\WINDOWS\System32\profapi.dll
0x00007ff9b8ea0000 - 0x00007ff9b8eec000 	C:\WINDOWS\System32\powrprof.dll
0x00007ff9b8f10000 - 0x00007ff9b8f1a000 	C:\WINDOWS\System32\FLTLIB.DLL
0x00007ff9a88a0000 - 0x00007ff9a88ba000 	C:\Program Files\Java\jre-9\bin\net.dll
0x00007ff9b4930000 - 0x00007ff9b4a0c000 	C:\WINDOWS\SYSTEM32\WINHTTP.dll
0x00007ff9b86e0000 - 0x00007ff9b8746000 	C:\WINDOWS\system32\mswsock.dll
0x00007ff9a6120000 - 0x00007ff9a6131000 	C:\Program Files\Java\jre-9\bin\nio.dll
0x00007ff98fb40000 - 0x00007ff98fcda000 	C:\Program Files\Java\jre-9\bin\awt.dll
0x00007ff9ba0f0000 - 0x00007ff9ba1b2000 	C:\WINDOWS\System32\OLEAUT32.dll
0x00007ff9b5e80000 - 0x00007ff9b6447000 	C:\WINDOWS\SYSTEM32\d2d1.dll
0x00007ff9b6d40000 - 0x00007ff9b6dcb000 	C:\WINDOWS\SYSTEM32\apphelp.dll
0x00007ff9b7920000 - 0x00007ff9b7949000 	C:\WINDOWS\system32\DWMAPI.DLL
0x00007ff9b6ed0000 - 0x00007ff9b6f68000 	C:\WINDOWS\system32\uxtheme.dll
0x00007ff9b7720000 - 0x00007ff9b78e9000 	C:\WINDOWS\SYSTEM32\dbghelp.dll
0x00007ff98ff90000 - 0x00007ff9900b0000 	C:\WINDOWS\system32\opengl32.dll
0x00007ff9a02d0000 - 0x00007ff9a02fc000 	C:\WINDOWS\SYSTEM32\GLU32.dll
0x00007ff9bab50000 - 0x00007ff9bacc5000 	C:\WINDOWS\System32\MSCTF.dll
0x00007ff9bafb0000 - 0x00007ff9bb101000 	C:\WINDOWS\System32\ole32.dll
0x00007ff990dc0000 - 0x00007ff990f57000 	C:\WINDOWS\system32\d3d9.dll
0x00007ff9b2800000 - 0x00007ff9b28eb000 	C:\WINDOWS\System32\DriverStore\FileRepository\nv_dispi.inf_amd64_7a39871618b19f06\nvldumdx.dll
0x00007ff9b9df0000 - 0x00007ff9b9fd2000 	C:\WINDOWS\System32\crypt32.dll
0x00007ff9b8e80000 - 0x00007ff9b8e92000 	C:\WINDOWS\System32\MSASN1.dll
0x00007ff9b90d0000 - 0x00007ff9b9127000 	C:\WINDOWS\System32\WINTRUST.DLL
0x00007ff9bacd0000 - 0x00007ff9baced000 	C:\WINDOWS\System32\imagehlp.dll
0x00007ff9b88a0000 - 0x00007ff9b88b7000 	C:\WINDOWS\SYSTEM32\CRYPTSP.dll
0x00007ff9b82c0000 - 0x00007ff9b82f3000 	C:\WINDOWS\system32\rsaenh.dll
0x00007ff9b89c0000 - 0x00007ff9b89e5000 	C:\WINDOWS\SYSTEM32\bcrypt.dll
0x00007ff9b8890000 - 0x00007ff9b889b000 	C:\WINDOWS\SYSTEM32\CRYPTBASE.dll
0x00007ff987580000 - 0x00007ff98878d000 	C:\WINDOWS\System32\DriverStore\FileRepository\nv_dispi.inf_amd64_7a39871618b19f06\nvd3dumx.dll
0x00007ff9912d0000 - 0x00007ff99136d000 	C:\Program Files\Java\jre-9\bin\fontmanager.dll
0x00007ff9a0170000 - 0x00007ff9a01b2000 	C:\Program Files\Java\jre-9\bin\t2k.dll
0x00007ff9ba2b0000 - 0x00007ff9ba350000 	C:\WINDOWS\System32\clbcatq.dll
0x00007ff9b40f0000 - 0x00007ff9b429e000 	C:\WINDOWS\SYSTEM32\WindowsCodecs.dll
0x00007ff99c680000 - 0x00007ff99c6d8000 	C:\WINDOWS\system32\dataexchange.dll
0x00007ff9b5b70000 - 0x00007ff9b5e7b000 	C:\WINDOWS\system32\d3d11.dll
0x00007ff9b6510000 - 0x00007ff9b66ac000 	C:\WINDOWS\system32\dcomp.dll
0x00007ff9b7c20000 - 0x00007ff9b7cdb000 	C:\WINDOWS\system32\dxgi.dll
0x00007ff9b7160000 - 0x00007ff9b7318000 	C:\WINDOWS\system32\twinapi.appcore.dll
0x00007ff9b7100000 - 0x00007ff9b7121000 	C:\WINDOWS\system32\RMCLIENT.dll
0x00007ff9b3070000 - 0x00007ff9b3117000 	C:\WINDOWS\WinSxS\amd64_microsoft.windows.common-controls_6595b64144ccf1df_5.82.17134.286_none_f956304330924375\comctl32.dll
0x00007ff9b79a0000 - 0x00007ff9b7b54000 	C:\WINDOWS\SYSTEM32\PROPSYS.dll
0x00007ff9b2950000 - 0x00007ff9b2feb000 	C:\Windows\System32\OneCoreUAPCommonProxyStub.dll
0x00007ff989450000 - 0x00007ff989577000 	C:\WINDOWS\system32\NetworkExplorer.dll
0x00007ff99da60000 - 0x00007ff99daa4000 	C:\Users\justi\Downloads\OldNewExplorer\OldNewExplorer64.dll
0x00007ff9ad640000 - 0x00007ff9ad65a000 	C:\WINDOWS\SYSTEM32\MPR.dll
0x00007ff9ad5c0000 - 0x00007ff9ad5cb000 	C:\WINDOWS\System32\drprov.dll
0x00007ff9b7ff0000 - 0x00007ff9b8046000 	C:\WINDOWS\System32\WINSTA.dll
0x00007ff9a02b0000 - 0x00007ff9a02c6000 	C:\WINDOWS\System32\ntlanman.dll
0x00007ff9a0130000 - 0x00007ff9a014d000 	C:\WINDOWS\System32\davclnt.dll
0x00007ff9a85f0000 - 0x00007ff9a85fc000 	C:\WINDOWS\System32\DAVHLPR.dll
0x00007ff9b4850000 - 0x00007ff9b4867000 	C:\WINDOWS\System32\wkscli.dll
0x00007ff9a4d40000 - 0x00007ff9a4d52000 	C:\WINDOWS\SYSTEM32\cscapi.dll
0x00007ff9b8560000 - 0x00007ff9b856e000 	C:\WINDOWS\System32\netutils.dll
0x00007ff99ba70000 - 0x00007ff99baba000 	C:\Windows\System32\dlnashext.dll
0x00007ff9a87e0000 - 0x00007ff9a87fe000 	C:\Windows\System32\DevDispItemProvider.dll
0x00007ff9b8c70000 - 0x00007ff9b8c97000 	C:\WINDOWS\System32\DEVOBJ.dll
0x00007ff98f1e0000 - 0x00007ff98f3c1000 	C:\WINDOWS\system32\wpdshext.dll
0x00007ff9b3120000 - 0x00007ff9b32ba000 	C:\WINDOWS\WinSxS\amd64_microsoft.windows.gdiplus_6595b64144ccf1df_1.1.17134.286_none_2c2e8b128af6fa9a\gdiplus.dll
0x00007ff9b50d0000 - 0x00007ff9b516c000 	C:\Windows\System32\PortableDeviceApi.dll
0x00007ff9ba670000 - 0x00007ff9baabb000 	C:\WINDOWS\System32\SETUPAPI.dll
0x00007ff99b150000 - 0x00007ff99b187000 	C:\Windows\System32\EhStorShell.dll
0x00007ff999b40000 - 0x00007ff999b65000 	C:\Windows\System32\EhStorAPI.dll
0x00007ff9b5390000 - 0x00007ff9b53a3000 	C:\Windows\System32\WTSAPI32.dll
0x00007ff99da10000 - 0x00007ff99da1d000 	C:\WINDOWS\SYSTEM32\LINKINFO.dll
0x00007ff9a3580000 - 0x00007ff9a3617000 	C:\WINDOWS\System32\TextInputFramework.dll
0x00007ff9b3c00000 - 0x00007ff9b3f1e000 	C:\WINDOWS\System32\CoreUIComponents.dll
0x00007ff9b69f0000 - 0x00007ff9b6aca000 	C:\WINDOWS\System32\CoreMessaging.dll
0x00007ff9b7f50000 - 0x00007ff9b7f81000 	C:\WINDOWS\SYSTEM32\ntmarta.dll
0x00007ff9b42a0000 - 0x00007ff9b43ed000 	C:\WINDOWS\SYSTEM32\wintypes.dll

VM Arguments:
java_command: C:\Users\justi\Documents\Orbis2018\PyCharm\Serpentine.jar
java_class_path (initial): C:\Users\justi\Documents\Orbis2018\PyCharm\Serpentine.jar
Launcher Type: SUN_STANDARD

Logging:
Log output configuration:
#0: stdout all=warning uptime,level,tags
#1: stderr all=off uptime,level,tags

Environment Variables:
PATH=C:\ProgramData\Oracle\Java\javapath;C:\Windows\system32;C:\Windows;C:\Windows\System32\Wbem;C:\Windows\System32\WindowsPowerShell\v1.0\;C:\Program Files (x86)\NVIDIA Corporation\PhysX\Common;C:\Program Files\Git\cmd;C:\WINDOWS\system32\config\systemprofile\.dnx\bin;C:\Program Files\Microsoft DNX\Dnvm\;C:\Program Files\Microsoft SQL Server\130\Tools\Binn\;C:\Program Files\MiKTeX 2.9\miktex\bin\x64\;C:\WINDOWS\system32;C:\WINDOWS;C:\WINDOWS\System32\Wbem;C:\WINDOWS\System32\WindowsPowerShell\v1.0\;C:\Program Files (x86)\GtkSharp\2.12\bin;C:\Program Files\dotnet\;C:\Program Files (x86)\OpenVPN\bin;C:\Program Files\PuTTY\;C:\Program Files (x86)\nodejs\;C:\WINDOWS\System32\OpenSSH\;C:\Program Files\Microsoft VS Code\bin;C:\src\depot_tools;C:\Users\justi\AppData\Local\Programs\Python\Python36-32\Scripts\;C:\Users\justi\AppData\Local\Programs\Python\Python36-32\;C:\Users\justi\AppData\Local\Microsoft\WindowsApps;C:\Users\justi\AppData\Roaming\npm;C:\Users\justi\AppData\Local\atom\bin;C:\Program Files\Microsoft VS Code\bin;C:\Users\justi\AppData\Local\Microsoft\WindowsApps;C:\users\justi\appdata\local\programs\python\python36-32\lib\site-packages\;
USERNAME=justi
OS=Windows_NT
PROCESSOR_IDENTIFIER=Intel64 Family 6 Model 58 Stepping 9, GenuineIntel



---------------  S Y S T E M  ---------------

OS: Windows 10 , 64 bit Build 17134 (10.0.17134.1)

CPU:total 8 (initial active 8) (4 cores per cpu, 2 threads per core) family 6 model 58 stepping 9, cmov, cx8, fxsr, mmx, sse, sse2, sse3, ssse3, sse4.1, sse4.2, popcnt, avx, aes, clmul, erms, ht, tsc, tscinvbit, tscinv

Memory: 4k page, physical 16736284k(6135064k free), swap 19745820k(5400k free)

vm_info: Java HotSpot(TM) 64-Bit Server VM (9+181) for windows-amd64 JRE (9+181), built on Aug  2 2017 21:30:51 by "javare" with MS VC++ 12.0 (VS2013)

END.
